0 verbose cli C:\Program Files\nodejs\node.exe C:\Program Files\nodejs\node_modules\npm\bin\npm-cli.js
1 info using npm@11.9.0
2 info using node@v24.14.0
3 silly config load:file:C:\Program Files\nodejs\node_modules\npm\npmrc
4 silly config load:file:D:\Application\Thu_Moi_Tot_Nghiep\client\.npmrc
5 silly config load:file:C:\Users\PHUCNGUYEN COMPANY\.npmrc
6 silly config load:file:D:\Application\Thu_Moi_Tot_Nghiep\client\etc\npmrc
7 verbose title npm install
8 verbose argv "install" "--prefix" "client" "--no-audit"
9 verbose logfile logs-max:10 dir:D:\Application\Thu_Moi_Tot_Nghiep\.npm-cache\_logs\2026-06-18T16_08_30_112Z-
10 verbose logfile D:\Application\Thu_Moi_Tot_Nghiep\.npm-cache\_logs\2026-06-18T16_08_30_112Z-debug-0.log
11 silly logfile done cleaning log files
12 silly packumentCache heap:4496293888 maxSize:1124073472 maxEntrySize:562036736
13 silly idealTree buildDeps
14 silly reify mark retired [
14 silly reify   'D:\\Application\\Thu_Moi_Tot_Nghiep\\client\\node_modules\\baseline-browser-mapping'
14 silly reify ]
15 silly reify mark retired [
15 silly reify   'D:\\Application\\Thu_Moi_Tot_Nghiep\\client\\node_modules\\browserslist'
15 silly reify ]
16 silly reify mark retired [
16 silly reify   'D:\\Application\\Thu_Moi_Tot_Nghiep\\client\\node_modules\\convert-source-map'
16 silly reify ]
17 silly reify mark retired [
17 silly reify   'D:\\Application\\Thu_Moi_Tot_Nghiep\\client\\node_modules\\caniuse-lite'
17 silly reify ]
18 silly reify mark retired [ 'D:\\Application\\Thu_Moi_Tot_Nghiep\\client\\node_modules\\debug' ]
19 silly reify mark retired [
19 silly reify   'D:\\Application\\Thu_Moi_Tot_Nghiep\\client\\node_modules\\electron-to-chromium'
19 silly reify ]
20 silly reify mark retired [
20 silly reify   'D:\\Application\\Thu_Moi_Tot_Nghiep\\client\\node_modules\\esbuild'
20 silly reify ]
21 silly reify mark retired [
21 silly reify   'D:\\Application\\Thu_Moi_Tot_Nghiep\\client\\node_modules\\escalade'
21 silly reify ]
22 silly reify mark retired [ 'D:\\Application\\Thu_Moi_Tot_Nghiep\\client\\node_modules\\fdir' ]
23 silly reify mark retired [
23 silly reify   'D:\\Application\\Thu_Moi_Tot_Nghiep\\client\\node_modules\\gensync'
23 silly reify ]
24 silly reify mark retired [
24 silly reify   'D:\\Application\\Thu_Moi_Tot_Nghiep\\client\\node_modules\\js-tokens'
24 silly reify ]
25 silly reify mark retired [ 'D:\\Application\\Thu_Moi_Tot_Nghiep\\client\\node_modules\\jsesc' ]
26 silly reify mark retired [ 'D:\\Application\\Thu_Moi_Tot_Nghiep\\client\\node_modules\\json5' ]
27 silly reify mark retired [
27 silly reify   'D:\\Application\\Thu_Moi_Tot_Nghiep\\client\\node_modules\\lru-cache'
27 silly reify ]
28 silly reify mark retired [
28 silly reify   'D:\\Application\\Thu_Moi_Tot_Nghiep\\client\\node_modules\\lucide-react'
28 silly reify ]
29 silly reify mark retired [ 'D:\\Application\\Thu_Moi_Tot_Nghiep\\client\\node_modules\\ms' ]
30 silly reify mark retired [ 'D:\\Application\\Thu_Moi_Tot_Nghiep\\client\\node_modules\\nanoid' ]
31 silly reify mark retired [
31 silly reify   'D:\\Application\\Thu_Moi_Tot_Nghiep\\client\\node_modules\\node-releases'
31 silly reify ]
32 silly reify mark retired [
32 silly reify   'D:\\Application\\Thu_Moi_Tot_Nghiep\\client\\node_modules\\picocolors'
32 silly reify ]
33 silly reify mark retired [
33 silly reify   'D:\\Application\\Thu_Moi_Tot_Nghiep\\client\\node_modules\\picomatch'
33 silly reify ]
34 silly reify mark retired [
34 silly reify   'D:\\Application\\Thu_Moi_Tot_Nghiep\\client\\node_modules\\postcss'
34 silly reify ]
35 silly reify mark retired [
35 silly reify   'D:\\Application\\Thu_Moi_Tot_Nghiep\\client\\node_modules\\react-dom'
35 silly reify ]
36 silly reify mark retired [ 'D:\\Application\\Thu_Moi_Tot_Nghiep\\client\\node_modules\\react' ]
37 silly reify mark retired [ 'D:\\Application\\Thu_Moi_Tot_Nghiep\\client\\node_modules\\rollup' ]
38 silly reify mark retired [
38 silly reify   'D:\\Application\\Thu_Moi_Tot_Nghiep\\client\\node_modules\\react-refresh'
38 silly reify ]
39 silly reify mark retired [
39 silly reify   'D:\\Application\\Thu_Moi_Tot_Nghiep\\client\\node_modules\\scheduler'
39 silly reify ]
40 silly reify mark retired [ 'D:\\Application\\Thu_Moi_Tot_Nghiep\\client\\node_modules\\semver' ]
41 silly reify mark retired [
41 silly reify   'D:\\Application\\Thu_Moi_Tot_Nghiep\\client\\node_modules\\source-map-js'
41 silly reify ]
42 silly reify mark retired [
42 silly reify   'D:\\Application\\Thu_Moi_Tot_Nghiep\\client\\node_modules\\tinyglobby'
42 silly reify ]
43 silly reify mark retired [
43 silly reify   'D:\\Application\\Thu_Moi_Tot_Nghiep\\client\\node_modules\\update-browserslist-db'
43 silly reify ]
44 silly reify mark retired [
44 silly reify   'D:\\Application\\Thu_Moi_Tot_Nghiep\\client\\node_modules\\yallist'
44 silly reify ]
45 silly reify mark retired [ 'D:\\Application\\Thu_Moi_Tot_Nghiep\\client\\node_modules\\vite' ]
46 silly reify mark retired [
46 silly reify   'D:\\Application\\Thu_Moi_Tot_Nghiep\\client\\node_modules\\@babel\\code-frame'
46 silly reify ]
47 silly reify mark retired [
47 silly reify   'D:\\Application\\Thu_Moi_Tot_Nghiep\\client\\node_modules\\@babel\\compat-data'
47 silly reify ]
48 silly reify mark retired [
48 silly reify   'D:\\Application\\Thu_Moi_Tot_Nghiep\\client\\node_modules\\@babel\\helper-compilation-targets'
48 silly reify ]
49 silly reify mark retired [
49 silly reify   'D:\\Application\\Thu_Moi_Tot_Nghiep\\client\\node_modules\\@babel\\core'
49 silly reify ]
50 silly reify mark retired [
50 silly reify   'D:\\Application\\Thu_Moi_Tot_Nghiep\\client\\node_modules\\@babel\\generator'
50 silly reify ]
51 silly reify mark retired [
51 silly reify   'D:\\Application\\Thu_Moi_Tot_Nghiep\\client\\node_modules\\@babel\\helper-globals'
51 silly reify ]
52 silly reify mark retired [
52 silly reify   'D:\\Application\\Thu_Moi_Tot_Nghiep\\client\\node_modules\\@babel\\helper-module-imports'
52 silly reify ]
53 silly reify mark retired [
53 silly reify   'D:\\Application\\Thu_Moi_Tot_Nghiep\\client\\node_modules\\@babel\\helper-module-transforms'
53 silly reify ]
54 silly reify mark retired [
54 silly reify   'D:\\Application\\Thu_Moi_Tot_Nghiep\\client\\node_modules\\@babel\\helper-plugin-utils'
54 silly reify ]
55 silly reify mark retired [
55 silly reify   'D:\\Application\\Thu_Moi_Tot_Nghiep\\client\\node_modules\\@babel\\helper-string-parser'
55 silly reify ]
56 silly reify mark retired [
56 silly reify   'D:\\Application\\Thu_Moi_Tot_Nghiep\\client\\node_modules\\@babel\\helper-validator-identifier'
56 silly reify ]
57 silly reify mark retired [
57 silly reify   'D:\\Application\\Thu_Moi_Tot_Nghiep\\client\\node_modules\\@babel\\helper-validator-option'
57 silly reify ]
58 silly reify mark retired [
58 silly reify   'D:\\Application\\Thu_Moi_Tot_Nghiep\\client\\node_modules\\@babel\\helpers'
58 silly reify ]
59 silly reify mark retired [
59 silly reify   'D:\\Application\\Thu_Moi_Tot_Nghiep\\client\\node_modules\\@babel\\parser'
59 silly reify ]
60 silly reify mark retired [
60 silly reify   'D:\\Application\\Thu_Moi_Tot_Nghiep\\client\\node_modules\\@babel\\plugin-transform-react-jsx-source'
60 silly reify ]
61 silly reify mark retired [
61 silly reify   'D:\\Application\\Thu_Moi_Tot_Nghiep\\client\\node_modules\\@babel\\plugin-transform-react-jsx-self'
61 silly reify ]
62 silly reify mark retired [
62 silly reify   'D:\\Application\\Thu_Moi_Tot_Nghiep\\client\\node_modules\\@babel\\template'
62 silly reify ]
63 silly reify mark retired [
63 silly reify   'D:\\Application\\Thu_Moi_Tot_Nghiep\\client\\node_modules\\@babel\\types'
63 silly reify ]
64 silly reify mark retired [
64 silly reify   'D:\\Application\\Thu_Moi_Tot_Nghiep\\client\\node_modules\\@babel\\traverse'
64 silly reify ]
65 silly reify mark retired [
65 silly reify   'D:\\Application\\Thu_Moi_Tot_Nghiep\\client\\node_modules\\@esbuild\\win32-x64'
65 silly reify ]
66 silly reify mark retired [
66 silly reify   'D:\\Application\\Thu_Moi_Tot_Nghiep\\client\\node_modules\\@jridgewell\\gen-mapping'
66 silly reify ]
67 silly reify mark retired [
67 silly reify   'D:\\Application\\Thu_Moi_Tot_Nghiep\\client\\node_modules\\@jridgewell\\resolve-uri'
67 silly reify ]
68 silly reify mark retired [
68 silly reify   'D:\\Application\\Thu_Moi_Tot_Nghiep\\client\\node_modules\\@jridgewell\\remapping'
68 silly reify ]
69 silly reify mark retired [
69 silly reify   'D:\\Application\\Thu_Moi_Tot_Nghiep\\client\\node_modules\\@jridgewell\\sourcemap-codec'
69 silly reify ]
70 silly reify mark retired [
70 silly reify   'D:\\Application\\Thu_Moi_Tot_Nghiep\\client\\node_modules\\@jridgewell\\trace-mapping'
70 silly reify ]
71 silly reify mark retired [
71 silly reify   'D:\\Application\\Thu_Moi_Tot_Nghiep\\client\\node_modules\\@rolldown\\pluginutils'
71 silly reify ]
72 silly reify mark retired [
72 silly reify   'D:\\Application\\Thu_Moi_Tot_Nghiep\\client\\node_modules\\@rollup\\rollup-win32-x64-gnu'
72 silly reify ]
73 silly reify mark retired [
73 silly reify   'D:\\Application\\Thu_Moi_Tot_Nghiep\\client\\node_modules\\@rollup\\rollup-win32-x64-msvc'
73 silly reify ]
74 silly reify mark retired [
74 silly reify   'D:\\Application\\Thu_Moi_Tot_Nghiep\\client\\node_modules\\@types\\babel__core'
74 silly reify ]
75 silly reify mark retired [
75 silly reify   'D:\\Application\\Thu_Moi_Tot_Nghiep\\client\\node_modules\\@types\\babel__generator'
75 silly reify ]
76 silly reify mark retired [
76 silly reify   'D:\\Application\\Thu_Moi_Tot_Nghiep\\client\\node_modules\\@types\\babel__template'
76 silly reify ]
77 silly reify mark retired [
77 silly reify   'D:\\Application\\Thu_Moi_Tot_Nghiep\\client\\node_modules\\@types\\babel__traverse'
77 silly reify ]
78 silly reify mark retired [
78 silly reify   'D:\\Application\\Thu_Moi_Tot_Nghiep\\client\\node_modules\\@types\\estree'
78 silly reify ]
79 silly reify mark retired [
79 silly reify   'D:\\Application\\Thu_Moi_Tot_Nghiep\\client\\node_modules\\@vitejs\\plugin-react'
79 silly reify ]
80 silly reify moves {
80 silly reify   'D:\\Application\\Thu_Moi_Tot_Nghiep\\client\\node_modules\\baseline-browser-mapping': 'D:\\Application\\Thu_Moi_Tot_Nghiep\\client\\node_modules\\.baseline-browser-mapping-3xfkkApe',
80 silly reify   'D:\\Application\\Thu_Moi_Tot_Nghiep\\client\\node_modules\\browserslist': 'D:\\Application\\Thu_Moi_Tot_Nghiep\\client\\node_modules\\.browserslist-GUDjvhwO',
80 silly reify   'D:\\Application\\Thu_Moi_Tot_Nghiep\\client\\node_modules\\convert-source-map': 'D:\\Application\\Thu_Moi_Tot_Nghiep\\client\\node_modules\\.convert-source-map-CGPZarc4',
80 silly reify   'D:\\Application\\Thu_Moi_Tot_Nghiep\\client\\node_modules\\caniuse-lite': 'D:\\Application\\Thu_Moi_Tot_Nghiep\\client\\node_modules\\.caniuse-lite-eUYQoECK',
80 silly reify   'D:\\Application\\Thu_Moi_Tot_Nghiep\\client\\node_modules\\debug': 'D:\\Application\\Thu_Moi_Tot_Nghiep\\client\\node_modules\\.debug-55RXgLIx',
80 silly reify   'D:\\Application\\Thu_Moi_Tot_Nghiep\\client\\node_modules\\electron-to-chromium': 'D:\\Application\\Thu_Moi_Tot_Nghiep\\client\\node_modules\\.electron-to-chromium-CQhhJMXQ',
80 silly reify   'D:\\Application\\Thu_Moi_Tot_Nghiep\\client\\node_modules\\esbuild': 'D:\\Application\\Thu_Moi_Tot_Nghiep\\client\\node_modules\\.esbuild-4BlrmBBq',
80 silly reify   'D:\\Application\\Thu_Moi_Tot_Nghiep\\client\\node_modules\\escalade': 'D:\\Application\\Thu_Moi_Tot_Nghiep\\client\\node_modules\\.escalade-IcoooINi',
80 silly reify   'D:\\Application\\Thu_Moi_Tot_Nghiep\\client\\node_modules\\fdir': 'D:\\Application\\Thu_Moi_Tot_Nghiep\\client\\node_modules\\.fdir-Qp3fEuFv',
80 silly reify   'D:\\Application\\Thu_Moi_Tot_Nghiep\\client\\node_modules\\gensync': 'D:\\Application\\Thu_Moi_Tot_Nghiep\\client\\node_modules\\.gensync-BhcDAHWu',
80 silly reify   'D:\\Application\\Thu_Moi_Tot_Nghiep\\client\\node_modules\\js-tokens': 'D:\\Application\\Thu_Moi_Tot_Nghiep\\client\\node_modules\\.js-tokens-BNHAhmb3',
80 silly reify   'D:\\Application\\Thu_Moi_Tot_Nghiep\\client\\node_modules\\jsesc': 'D:\\Application\\Thu_Moi_Tot_Nghiep\\client\\node_modules\\.jsesc-MoJlwcj2',
80 silly reify   'D:\\Application\\Thu_Moi_Tot_Nghiep\\client\\node_modules\\json5': 'D:\\Application\\Thu_Moi_Tot_Nghiep\\client\\node_modules\\.json5-RZ8E2Flu',
80 silly reify   'D:\\Application\\Thu_Moi_Tot_Nghiep\\client\\node_modules\\lru-cache': 'D:\\Application\\Thu_Moi_Tot_Nghiep\\client\\node_modules\\.lru-cache-5B3LKkEx',
80 silly reify   'D:\\Application\\Thu_Moi_Tot_Nghiep\\client\\node_modules\\lucide-react': 'D:\\Application\\Thu_Moi_Tot_Nghiep\\client\\node_modules\\.lucide-react-7f6ciLO0',
80 silly reify   'D:\\Application\\Thu_Moi_Tot_Nghiep\\client\\node_modules\\ms': 'D:\\Application\\Thu_Moi_Tot_Nghiep\\client\\node_modules\\.ms-Onfpnlyf',
80 silly reify   'D:\\Application\\Thu_Moi_Tot_Nghiep\\client\\node_modules\\nanoid': 'D:\\Application\\Thu_Moi_Tot_Nghiep\\client\\node_modules\\.nanoid-oODiSWaF',
80 silly reify   'D:\\Application\\Thu_Moi_Tot_Nghiep\\client\\node_modules\\node-releases': 'D:\\Application\\Thu_Moi_Tot_Nghiep\\client\\node_modules\\.node-releases-ejG1XHRS',
80 silly reify   'D:\\Application\\Thu_Moi_Tot_Nghiep\\client\\node_modules\\picocolors': 'D:\\Application\\Thu_Moi_Tot_Nghiep\\client\\node_modules\\.picocolors-yyLuWvgF',
80 silly reify   'D:\\Application\\Thu_Moi_Tot_Nghiep\\client\\node_modules\\picomatch': 'D:\\Application\\Thu_Moi_Tot_Nghiep\\client\\node_modules\\.picomatch-tWYBR9tP',
80 silly reify   'D:\\Application\\Thu_Moi_Tot_Nghiep\\client\\node_modules\\postcss': 'D:\\Application\\Thu_Moi_Tot_Nghiep\\client\\node_modules\\.postcss-qNVrNcsU',
80 silly reify   'D:\\Application\\Thu_Moi_Tot_Nghiep\\client\\node_modules\\react-dom': 'D:\\Application\\Thu_Moi_Tot_Nghiep\\client\\node_modules\\.react-dom-skmE7wuP',
80 silly reify   'D:\\Application\\Thu_Moi_Tot_Nghiep\\client\\node_modules\\react': 'D:\\Application\\Thu_Moi_Tot_Nghiep\\client\\node_modules\\.react-cIsVXXCD',
80 silly reify   'D:\\Application\\Thu_Moi_Tot_Nghiep\\client\\node_modules\\rollup': 'D:\\Application\\Thu_Moi_Tot_Nghiep\\client\\node_modules\\.rollup-piYazcpc',
80 silly reify   'D:\\Application\\Thu_Moi_Tot_Nghiep\\client\\node_modules\\react-refresh': 'D:\\Application\\Thu_Moi_Tot_Nghiep\\client\\node_modules\\.react-refresh-P5dkPA2S',
80 silly reify   'D:\\Application\\Thu_Moi_Tot_Nghiep\\client\\node_modules\\scheduler': 'D:\\Application\\Thu_Moi_Tot_Nghiep\\client\\node_modules\\.scheduler-W1NcuHOl',
80 silly reify   'D:\\Application\\Thu_Moi_Tot_Nghiep\\client\\node_modules\\semver': 'D:\\Application\\Thu_Moi_Tot_Nghiep\\client\\node_modules\\.semver-p1YIvBhT',
80 silly reify   'D:\\Application\\Thu_Moi_Tot_Nghiep\\client\\node_modules\\source-map-js': 'D:\\Application\\Thu_Moi_Tot_Nghiep\\client\\node_modules\\.source-map-js-xwSNQJIQ',
80 silly reify   'D:\\Application\\Thu_Moi_Tot_Nghiep\\client\\node_modules\\tinyglobby': 'D:\\Application\\Thu_Moi_Tot_Nghiep\\client\\node_modules\\.tinyglobby-Ezh9bd7p',
80 silly reify   'D:\\Application\\Thu_Moi_Tot_Nghiep\\client\\node_modules\\update-browserslist-db': 'D:\\Application\\Thu_Moi_Tot_Nghiep\\client\\node_modules\\.update-browserslist-db-lL8KzepK',
80 silly reify   'D:\\Application\\Thu_Moi_Tot_Nghiep\\client\\node_modules\\yallist': 'D:\\Application\\Thu_Moi_Tot_Nghiep\\client\\node_modules\\.yallist-RH298Rbc',
80 silly reify   'D:\\Application\\Thu_Moi_Tot_Nghiep\\client\\node_modules\\vite': 'D:\\Application\\Thu_Moi_Tot_Nghiep\\client\\node_modules\\.vite-mFpDEaYG',
80 silly reify   'D:\\Application\\Thu_Moi_Tot_Nghiep\\client\\node_modules\\@babel\\code-frame': 'D:\\Application\\Thu_Moi_Tot_Nghiep\\client\\node_modules\\@babel\\.code-frame-GqvAvuqv',
80 silly reify   'D:\\Application\\Thu_Moi_Tot_Nghiep\\client\\node_modules\\@babel\\compat-data': 'D:\\Application\\Thu_Moi_Tot_Nghiep\\client\\node_modules\\@babel\\.compat-data-vYjJ2MbP',
80 silly reify   'D:\\Application\\Thu_Moi_Tot_Nghiep\\client\\node_modules\\@babel\\helper-compilation-targets': 'D:\\Application\\Thu_Moi_Tot_Nghiep\\client\\node_modules\\@babel\\.helper-compilation-targets-nlmAijiK',
80 silly reify   'D:\\Application\\Thu_Moi_Tot_Nghiep\\client\\node_modules\\@babel\\core': 'D:\\Application\\Thu_Moi_Tot_Nghiep\\client\\node_modules\\@babel\\.core-KXGTAvuD',
80 silly reify   'D:\\Application\\Thu_Moi_Tot_Nghiep\\client\\node_modules\\@babel\\generator': 'D:\\Application\\Thu_Moi_Tot_Nghiep\\client\\node_modules\\@babel\\.generator-yEhrtXFr',
80 silly reify   'D:\\Application\\Thu_Moi_Tot_Nghiep\\client\\node_modules\\@babel\\helper-globals': 'D:\\Application\\Thu_Moi_Tot_Nghiep\\client\\node_modules\\@babel\\.helper-globals-sb6ItRVc',
80 silly reify   'D:\\Application\\Thu_Moi_Tot_Nghiep\\client\\node_modules\\@babel\\helper-module-imports': 'D:\\Application\\Thu_Moi_Tot_Nghiep\\client\\node_modules\\@babel\\.helper-module-imports-c1iYcBI4',
80 silly reify   'D:\\Application\\Thu_Moi_Tot_Nghiep\\client\\node_modules\\@babel\\helper-module-transforms': 'D:\\Application\\Thu_Moi_Tot_Nghiep\\client\\node_modules\\@babel\\.helper-module-transforms-wGY5u1vE',
80 silly reify   'D:\\Application\\Thu_Moi_Tot_Nghiep\\client\\node_modules\\@babel\\helper-plugin-utils': 'D:\\Application\\Thu_Moi_Tot_Nghiep\\client\\node_modules\\@babel\\.helper-plugin-utils-vDQj4A0P',
80 silly reify   'D:\\Application\\Thu_Moi_Tot_Nghiep\\client\\node_modules\\@babel\\helper-string-parser': 'D:\\Application\\Thu_Moi_Tot_Nghiep\\client\\node_modules\\@babel\\.helper-string-parser-LeDP24Lu',
80 silly reify   'D:\\Application\\Thu_Moi_Tot_Nghiep\\client\\node_modules\\@babel\\helper-validator-identifier': 'D:\\Application\\Thu_Moi_Tot_Nghiep\\client\\node_modules\\@babel\\.helper-validator-identifier-Vl91RWgG',
80 silly reify   'D:\\Application\\Thu_Moi_Tot_Nghiep\\client\\node_modules\\@babel\\helper-validator-option': 'D:\\Application\\Thu_Moi_Tot_Nghiep\\client\\node_modules\\@babel\\.helper-validator-option-ncWXyFER',
80 silly reify   'D:\\Application\\Thu_Moi_Tot_Nghiep\\client\\node_modules\\@babel\\helpers': 'D:\\Application\\Thu_Moi_Tot_Nghiep\\client\\node_modules\\@babel\\.helpers-JBeu0pqD',
80 silly reify   'D:\\Application\\Thu_Moi_Tot_Nghiep\\client\\node_modules\\@babel\\parser': 'D:\\Application\\Thu_Moi_Tot_Nghiep\\client\\node_modules\\@babel\\.parser-7nwkvbD7',
80 silly reify   'D:\\Application\\Thu_Moi_Tot_Nghiep\\client\\node_modules\\@babel\\plugin-transform-react-jsx-source': 'D:\\Application\\Thu_Moi_Tot_Nghiep\\client\\node_modules\\@babel\\.plugin-transform-react-jsx-source-DRN7o2D2',
80 silly reify   'D:\\Application\\Thu_Moi_Tot_Nghiep\\client\\node_modules\\@babel\\plugin-transform-react-jsx-self': 'D:\\Application\\Thu_Moi_Tot_Nghiep\\client\\node_modules\\@babel\\.plugin-transform-react-jsx-self-yHuFVmru',
80 silly reify   'D:\\Application\\Thu_Moi_Tot_Nghiep\\client\\node_modules\\@babel\\template': 'D:\\Application\\Thu_Moi_Tot_Nghiep\\client\\node_modules\\@babel\\.template-Du4XIdNd',
80 silly reify   'D:\\Application\\Thu_Moi_Tot_Nghiep\\client\\node_modules\\@babel\\types': 'D:\\Application\\Thu_Moi_Tot_Nghiep\\client\\node_modules\\@babel\\.types-uAOcCe1T',
80 silly reify   'D:\\Application\\Thu_Moi_Tot_Nghiep\\client\\node_modules\\@babel\\traverse': 'D:\\Application\\Thu_Moi_Tot_Nghiep\\client\\node_modules\\@babel\\.traverse-DSNF0Y88',
80 silly reify   'D:\\Application\\Thu_Moi_Tot_Nghiep\\client\\node_modules\\@esbuild\\win32-x64': 'D:\\Application\\Thu_Moi_Tot_Nghiep\\client\\node_modules\\@esbuild\\.win32-x64-F0Lu0xh3',
80 silly reify   'D:\\Application\\Thu_Moi_Tot_Nghiep\\client\\node_modules\\@jridgewell\\gen-mapping': 'D:\\Application\\Thu_Moi_Tot_Nghiep\\client\\node_modules\\@jridgewell\\.gen-mapping-bpGomgMv',
80 silly reify   'D:\\Application\\Thu_Moi_Tot_Nghiep\\client\\node_modules\\@jridgewell\\resolve-uri': 'D:\\Application\\Thu_Moi_Tot_Nghiep\\client\\node_modules\\@jridgewell\\.resolve-uri-pV5BGvPR',
80 silly reify   'D:\\Application\\Thu_Moi_Tot_Nghiep\\client\\node_modules\\@jridgewell\\remapping': 'D:\\Application\\Thu_Moi_Tot_Nghiep\\client\\node_modules\\@jridgewell\\.remapping-6Z9JJV7y',
80 silly reify   'D:\\Application\\Thu_Moi_Tot_Nghiep\\client\\node_modules\\@jridgewell\\sourcemap-codec': 'D:\\Application\\Thu_Moi_Tot_Nghiep\\client\\node_modules\\@jridgewell\\.sourcemap-codec-YPrzags5',
80 silly reify   'D:\\Application\\Thu_Moi_Tot_Nghiep\\client\\node_modules\\@jridgewell\\trace-mapping': 'D:\\Application\\Thu_Moi_Tot_Nghiep\\client\\node_modules\\@jridgewell\\.trace-mapping-LBkNWxr8',
80 silly reify   'D:\\Application\\Thu_Moi_Tot_Nghiep\\client\\node_modules\\@rolldown\\pluginutils': 'D:\\Application\\Thu_Moi_Tot_Nghiep\\client\\node_modules\\@rolldown\\.pluginutils-2LypTlbj',
80 silly reify   'D:\\Application\\Thu_Moi_Tot_Nghiep\\client\\node_modules\\@rollup\\rollup-win32-x64-gnu': 'D:\\Application\\Thu_Moi_Tot_Nghiep\\client\\node_modules\\@rollup\\.rollup-win32-x64-gnu-XutFgWFM',
80 silly reify   'D:\\Application\\Thu_Moi_Tot_Nghiep\\client\\node_modules\\@rollup\\rollup-win32-x64-msvc': 'D:\\Application\\Thu_Moi_Tot_Nghiep\\client\\node_modules\\@rollup\\.rollup-win32-x64-msvc-Spj8ppax',
80 silly reify   'D:\\Application\\Thu_Moi_Tot_Nghiep\\client\\node_modules\\@types\\babel__core': 'D:\\Application\\Thu_Moi_Tot_Nghiep\\client\\node_modules\\@types\\.babel__core-pFCXTuvp',
80 silly reify   'D:\\Application\\Thu_Moi_Tot_Nghiep\\client\\node_modules\\@types\\babel__generator': 'D:\\Application\\Thu_Moi_Tot_Nghiep\\client\\node_modules\\@types\\.babel__generator-NK4xTtX1',
80 silly reify   'D:\\Application\\Thu_Moi_Tot_Nghiep\\client\\node_modules\\@types\\babel__template': 'D:\\Application\\Thu_Moi_Tot_Nghiep\\client\\node_modules\\@types\\.babel__template-W9EnPejL',
80 silly reify   'D:\\Application\\Thu_Moi_Tot_Nghiep\\client\\node_modules\\@types\\babel__traverse': 'D:\\Application\\Thu_Moi_Tot_Nghiep\\client\\node_modules\\@types\\.babel__traverse-v8XPolNG',
80 silly reify   'D:\\Application\\Thu_Moi_Tot_Nghiep\\client\\node_modules\\@types\\estree': 'D:\\Application\\Thu_Moi_Tot_Nghiep\\client\\node_modules\\@types\\.estree-WPkMReJJ',
80 silly reify   'D:\\Application\\Thu_Moi_Tot_Nghiep\\client\\node_modules\\@vitejs\\plugin-react': 'D:\\Application\\Thu_Moi_Tot_Nghiep\\client\\node_modules\\@vitejs\\.plugin-react-K7zDeCoZ'
80 silly reify }
81 http cache @vitejs/plugin-react@https://registry.npmjs.org/@vitejs/plugin-react/-/plugin-react-4.7.0.tgz 1ms (cache hit)
82 http cache @types/babel__traverse@https://registry.npmjs.org/@types/babel__traverse/-/babel__traverse-7.28.0.tgz 1ms (cache hit)
83 http cache @rollup/rollup-win32-x64-msvc@https://registry.npmjs.org/@rollup/rollup-win32-x64-msvc/-/rollup-win32-x64-msvc-4.62.0.tgz 0ms (cache hit)
84 http cache @types/estree@https://registry.npmjs.org/@types/estree/-/estree-1.0.9.tgz 0ms (cache hit)
85 http cache @types/babel__generator@https://registry.npmjs.org/@types/babel__generator/-/babel__generator-7.27.0.tgz 0ms (cache hit)
86 http cache @types/babel__template@https://registry.npmjs.org/@types/babel__template/-/babel__template-7.4.4.tgz 0ms (cache hit)
87 http cache @types/babel__core@https://registry.npmjs.org/@types/babel__core/-/babel__core-7.20.5.tgz 0ms (cache hit)
88 http cache @rollup/rollup-win32-x64-gnu@https://registry.npmjs.org/@rollup/rollup-win32-x64-gnu/-/rollup-win32-x64-gnu-4.62.0.tgz 0ms (cache hit)
89 http cache @jridgewell/trace-mapping@https://registry.npmjs.org/@jridgewell/trace-mapping/-/trace-mapping-0.3.31.tgz 0ms (cache hit)
90 http cache @jridgewell/sourcemap-codec@https://registry.npmjs.org/@jridgewell/sourcemap-codec/-/sourcemap-codec-1.5.5.tgz 0ms (cache hit)
91 http cache @jridgewell/resolve-uri@https://registry.npmjs.org/@jridgewell/resolve-uri/-/resolve-uri-3.1.2.tgz 0ms (cache hit)
92 http cache @jridgewell/gen-mapping@https://registry.npmjs.org/@jridgewell/gen-mapping/-/gen-mapping-0.3.13.tgz 0ms (cache hit)
93 http cache @jridgewell/remapping@https://registry.npmjs.org/@jridgewell/remapping/-/remapping-2.3.5.tgz 0ms (cache hit)
94 http cache @esbuild/win32-x64@https://registry.npmjs.org/@esbuild/win32-x64/-/win32-x64-0.25.12.tgz 0ms (cache hit)
95 http cache @babel/traverse@https://registry.npmjs.org/@babel/traverse/-/traverse-7.29.7.tgz 0ms (cache hit)
96 http cache @rolldown/pluginutils@https://registry.npmjs.org/@rolldown/pluginutils/-/pluginutils-1.0.0-beta.27.tgz 0ms (cache hit)
97 http cache @babel/types@https://registry.npmjs.org/@babel/types/-/types-7.29.7.tgz 0ms (cache hit)
98 http cache @babel/template@https://registry.npmjs.org/@babel/template/-/template-7.29.7.tgz 0ms (cache hit)
99 http cache @babel/plugin-transform-react-jsx-self@https://registry.npmjs.org/@babel/plugin-transform-react-jsx-self/-/plugin-transform-react-jsx-self-7.29.7.tgz 0ms (cache hit)
100 http cache @babel/parser@https://registry.npmjs.org/@babel/parser/-/parser-7.29.7.tgz 0ms (cache hit)
101 http cache @babel/helpers@https://registry.npmjs.org/@babel/helpers/-/helpers-7.29.7.tgz 0ms (cache hit)
102 http cache @babel/plugin-transform-react-jsx-source@https://registry.npmjs.org/@babel/plugin-transform-react-jsx-source/-/plugin-transform-react-jsx-source-7.29.7.tgz 0ms (cache hit)
103 http cache @babel/helper-validator-option@https://registry.npmjs.org/@babel/helper-validator-option/-/helper-validator-option-7.29.7.tgz 0ms (cache hit)
104 http cache @babel/helper-validator-identifier@https://registry.npmjs.org/@babel/helper-validator-identifier/-/helper-validator-identifier-7.29.7.tgz 0ms (cache hit)
105 http cache @babel/helper-string-parser@https://registry.npmjs.org/@babel/helper-string-parser/-/helper-string-parser-7.29.7.tgz 0ms (cache hit)
106 http cache @babel/helper-plugin-utils@https://registry.npmjs.org/@babel/helper-plugin-utils/-/helper-plugin-utils-7.29.7.tgz 0ms (cache hit)
107 http cache @babel/helper-globals@https://registry.npmjs.org/@babel/helper-globals/-/helper-globals-7.29.7.tgz 0ms (cache hit)
108 http cache @babel/helper-module-transforms@https://registry.npmjs.org/@babel/helper-module-transforms/-/helper-module-transforms-7.29.7.tgz 0ms (cache hit)
109 http cache @babel/helper-module-imports@https://registry.npmjs.org/@babel/helper-module-imports/-/helper-module-imports-7.29.7.tgz 0ms (cache hit)
110 http cache @babel/generator@https://registry.npmjs.org/@babel/generator/-/generator-7.29.7.tgz 0ms (cache hit)
111 http cache @babel/core@https://registry.npmjs.org/@babel/core/-/core-7.29.7.tgz 0ms (cache hit)
112 http cache @babel/helper-compilation-targets@https://registry.npmjs.org/@babel/helper-compilation-targets/-/helper-compilation-targets-7.29.7.tgz 0ms (cache hit)
113 http cache vite@https://registry.npmjs.org/vite/-/vite-6.4.3.tgz 0ms (cache hit)
114 http cache @babel/compat-data@https://registry.npmjs.org/@babel/compat-data/-/compat-data-7.29.7.tgz 0ms (cache hit)
115 http cache @babel/code-frame@https://registry.npmjs.org/@babel/code-frame/-/code-frame-7.29.7.tgz 0ms (cache hit)
116 http cache yallist@https://registry.npmjs.org/yallist/-/yallist-3.1.1.tgz 0ms (cache hit)
117 http cache update-browserslist-db@https://registry.npmjs.org/update-browserslist-db/-/update-browserslist-db-1.2.3.tgz 0ms (cache hit)
118 http cache tinyglobby@https://registry.npmjs.org/tinyglobby/-/tinyglobby-0.2.17.tgz 0ms (cache hit)
119 http cache semver@https://registry.npmjs.org/semver/-/semver-6.3.1.tgz 0ms (cache hit)
120 http cache source-map-js@https://registry.npmjs.org/source-map-js/-/source-map-js-1.2.1.tgz 0ms (cache hit)
121 http cache scheduler@https://registry.npmjs.org/scheduler/-/scheduler-0.27.0.tgz 0ms (cache hit)
122 http cache react-refresh@https://registry.npmjs.org/react-refresh/-/react-refresh-0.17.0.tgz 0ms (cache hit)
123 http cache react-dom@https://registry.npmjs.org/react-dom/-/react-dom-19.2.7.tgz 0ms (cache hit)
124 http cache react@https://registry.npmjs.org/react/-/react-19.2.7.tgz 0ms (cache hit)
125 http cache rollup@https://registry.npmjs.org/rollup/-/rollup-4.62.0.tgz 0ms (cache hit)
126 http cache picomatch@https://registry.npmjs.org/picomatch/-/picomatch-4.0.4.tgz 0ms (cache hit)
127 http cache picocolors@https://registry.npmjs.org/picocolors/-/picocolors-1.1.1.tgz 0ms (cache hit)
128 http cache node-releases@https://registry.npmjs.org/node-releases/-/node-releases-2.0.48.tgz 0ms (cache hit)
129 http cache postcss@https://registry.npmjs.org/postcss/-/postcss-8.5.15.tgz 0ms (cache hit)
130 http cache nanoid@https://registry.npmjs.org/nanoid/-/nanoid-3.3.12.tgz 0ms (cache hit)
131 http cache ms@https://registry.npmjs.org/ms/-/ms-2.1.3.tgz 0ms (cache hit)
132 http cache lru-cache@https://registry.npmjs.org/lru-cache/-/lru-cache-5.1.1.tgz 0ms (cache hit)
133 http cache lucide-react@https://registry.npmjs.org/lucide-react/-/lucide-react-0.468.0.tgz 0ms (cache hit)
134 http cache json5@https://registry.npmjs.org/json5/-/json5-2.2.3.tgz 0ms (cache hit)
135 http cache jsesc@https://registry.npmjs.org/jsesc/-/jsesc-3.1.0.tgz 0ms (cache hit)
136 http cache escalade@https://registry.npmjs.org/escalade/-/escalade-3.2.0.tgz 0ms (cache hit)
137 http cache gensync@https://registry.npmjs.org/gensync/-/gensync-1.0.0-beta.2.tgz 0ms (cache hit)
138 http cache js-tokens@https://registry.npmjs.org/js-tokens/-/js-tokens-4.0.0.tgz 0ms (cache hit)
139 http cache fdir@https://registry.npmjs.org/fdir/-/fdir-6.5.0.tgz 0ms (cache hit)
140 http cache electron-to-chromium@https://registry.npmjs.org/electron-to-chromium/-/electron-to-chromium-1.5.375.tgz 0ms (cache hit)
141 http cache esbuild@https://registry.npmjs.org/esbuild/-/esbuild-0.25.12.tgz 0ms (cache hit)
142 http cache convert-source-map@https://registry.npmjs.org/convert-source-map/-/convert-source-map-2.0.0.tgz 0ms (cache hit)
143 http cache debug@https://registry.npmjs.org/debug/-/debug-4.4.3.tgz 0ms (cache hit)
144 http cache caniuse-lite@https://registry.npmjs.org/caniuse-lite/-/caniuse-lite-1.0.30001799.tgz 0ms (cache hit)
145 silly tarball no local data for @vitejs/plugin-react@https://registry.npmjs.org/@vitejs/plugin-react/-/plugin-react-4.7.0.tgz. Extracting by manifest.
146 http cache browserslist@https://registry.npmjs.org/browserslist/-/browserslist-4.28.2.tgz 0ms (cache hit)
147 http cache baseline-browser-mapping@https://registry.npmjs.org/baseline-browser-mapping/-/baseline-browser-mapping-2.10.38.tgz 0ms (cache hit)
148 silly tarball no local data for @types/babel__traverse@https://registry.npmjs.org/@types/babel__traverse/-/babel__traverse-7.28.0.tgz. Extracting by manifest.
149 silly tarball no local data for @rollup/rollup-win32-x64-msvc@https://registry.npmjs.org/@rollup/rollup-win32-x64-msvc/-/rollup-win32-x64-msvc-4.62.0.tgz. Extracting by manifest.
150 silly tarball no local data for @types/estree@https://registry.npmjs.org/@types/estree/-/estree-1.0.9.tgz. Extracting by manifest.
151 silly tarball no local data for @types/babel__generator@https://registry.npmjs.org/@types/babel__generator/-/babel__generator-7.27.0.tgz. Extracting by manifest.
152 silly tarball no local data for @types/babel__template@https://registry.npmjs.org/@types/babel__template/-/babel__template-7.4.4.tgz. Extracting by manifest.
153 silly tarball no local data for @types/babel__core@https://registry.npmjs.org/@types/babel__core/-/babel__core-7.20.5.tgz. Extracting by manifest.
154 silly tarball no local data for @rollup/rollup-win32-x64-gnu@https://registry.npmjs.org/@rollup/rollup-win32-x64-gnu/-/rollup-win32-x64-gnu-4.62.0.tgz. Extracting by manifest.
155 silly tarball no local data for @jridgewell/trace-mapping@https://registry.npmjs.org/@jridgewell/trace-mapping/-/trace-mapping-0.3.31.tgz. Extracting by manifest.
156 silly tarball no local data for @jridgewell/sourcemap-codec@https://registry.npmjs.org/@jridgewell/sourcemap-codec/-/sourcemap-codec-1.5.5.tgz. Extracting by manifest.
157 silly tarball no local data for @jridgewell/resolve-uri@https://registry.npmjs.org/@jridgewell/resolve-uri/-/resolve-uri-3.1.2.tgz. Extracting by manifest.
158 silly tarball no local data for @jridgewell/gen-mapping@https://registry.npmjs.org/@jridgewell/gen-mapping/-/gen-mapping-0.3.13.tgz. Extracting by manifest.
159 silly tarball no local data for @jridgewell/remapping@https://registry.npmjs.org/@jridgewell/remapping/-/remapping-2.3.5.tgz. Extracting by manifest.
160 silly tarball no local data for @esbuild/win32-x64@https://registry.npmjs.org/@esbuild/win32-x64/-/win32-x64-0.25.12.tgz. Extracting by manifest.
161 silly tarball no local data for @babel/traverse@https://registry.npmjs.org/@babel/traverse/-/traverse-7.29.7.tgz. Extracting by manifest.
162 silly tarball no local data for @rolldown/pluginutils@https://registry.npmjs.org/@rolldown/pluginutils/-/pluginutils-1.0.0-beta.27.tgz. Extracting by manifest.
163 silly tarball no local data for @babel/types@https://registry.npmjs.org/@babel/types/-/types-7.29.7.tgz. Extracting by manifest.
164 silly tarball no local data for @babel/template@https://registry.npmjs.org/@babel/template/-/template-7.29.7.tgz. Extracting by manifest.
165 silly tarball no local data for @babel/plugin-transform-react-jsx-self@https://registry.npmjs.org/@babel/plugin-transform-react-jsx-self/-/plugin-transform-react-jsx-self-7.29.7.tgz. Extracting by manifest.
166 silly tarball no local data for @babel/parser@https://registry.npmjs.org/@babel/parser/-/parser-7.29.7.tgz. Extracting by manifest.
167 silly tarball no local data for @babel/helpers@https://registry.npmjs.org/@babel/helpers/-/helpers-7.29.7.tgz. Extracting by manifest.
168 silly tarball no local data for @babel/plugin-transform-react-jsx-source@https://registry.npmjs.org/@babel/plugin-transform-react-jsx-source/-/plugin-transform-react-jsx-source-7.29.7.tgz. Extracting by manifest.
169 silly tarball no local data for @babel/helper-validator-option@https://registry.npmjs.org/@babel/helper-validator-option/-/helper-validator-option-7.29.7.tgz. Extracting by manifest.
170 silly tarball no local data for @babel/helper-validator-identifier@https://registry.npmjs.org/@babel/helper-validator-identifier/-/helper-validator-identifier-7.29.7.tgz. Extracting by manifest.
171 silly tarball no local data for @babel/helper-string-parser@https://registry.npmjs.org/@babel/helper-string-parser/-/helper-string-parser-7.29.7.tgz. Extracting by manifest.
172 silly tarball no local data for @babel/helper-plugin-utils@https://registry.npmjs.org/@babel/helper-plugin-utils/-/helper-plugin-utils-7.29.7.tgz. Extracting by manifest.
173 silly tarball no local data for @babel/helper-globals@https://registry.npmjs.org/@babel/helper-globals/-/helper-globals-7.29.7.tgz. Extracting by manifest.
174 silly tarball no local data for @babel/helper-module-transforms@https://registry.npmjs.org/@babel/helper-module-transforms/-/helper-module-transforms-7.29.7.tgz. Extracting by manifest.
175 silly tarball no local data for @babel/helper-module-imports@https://registry.npmjs.org/@babel/helper-module-imports/-/helper-module-imports-7.29.7.tgz. Extracting by manifest.
176 silly tarball no local data for @babel/generator@https://registry.npmjs.org/@babel/generator/-/generator-7.29.7.tgz. Extracting by manifest.
177 silly tarball no local data for @babel/core@https://registry.npmjs.org/@babel/core/-/core-7.29.7.tgz. Extracting by manifest.
178 silly tarball no local data for @babel/helper-compilation-targets@https://registry.npmjs.org/@babel/helper-compilation-targets/-/helper-compilation-targets-7.29.7.tgz. Extracting by manifest.
179 silly tarball no local data for vite@https://registry.npmjs.org/vite/-/vite-6.4.3.tgz. Extracting by manifest.
180 silly tarball no local data for @babel/compat-data@https://registry.npmjs.org/@babel/compat-data/-/compat-data-7.29.7.tgz. Extracting by manifest.
181 silly tarball no local data for @babel/code-frame@https://registry.npmjs.org/@babel/code-frame/-/code-frame-7.29.7.tgz. Extracting by manifest.
182 silly tarball no local data for yallist@https://registry.npmjs.org/yallist/-/yallist-3.1.1.tgz. Extracting by manifest.
183 silly tarball no local data for update-browserslist-db@https://registry.npmjs.org/update-browserslist-db/-/update-browserslist-db-1.2.3.tgz. Extracting by manifest.
184 silly tarball no local data for tinyglobby@https://registry.npmjs.org/tinyglobby/-/tinyglobby-0.2.17.tgz. Extracting by manifest.
185 silly tarball no local data for semver@https://registry.npmjs.org/semver/-/semver-6.3.1.tgz. Extracting by manifest.
186 silly tarball no local data for source-map-js@https://registry.npmjs.org/source-map-js/-/source-map-js-1.2.1.tgz. Extracting by manifest.
187 silly tarball no local data for scheduler@https://registry.npmjs.org/scheduler/-/scheduler-0.27.0.tgz. Extracting by manifest.
188 silly tarball no local data for react-refresh@https://registry.npmjs.org/react-refresh/-/react-refresh-0.17.0.tgz. Extracting by manifest.
189 silly tarball no local data for react-dom@https://registry.npmjs.org/react-dom/-/react-dom-19.2.7.tgz. Extracting by manifest.
190 silly tarball no local data for react@https://registry.npmjs.org/react/-/react-19.2.7.tgz. Extracting by manifest.
191 silly tarball no local data for rollup@https://registry.npmjs.org/rollup/-/rollup-4.62.0.tgz. Extracting by manifest.
192 silly tarball no local data for picomatch@https://registry.npmjs.org/picomatch/-/picomatch-4.0.4.tgz. Extracting by manifest.
193 silly tarball no local data for picocolors@https://registry.npmjs.org/picocolors/-/picocolors-1.1.1.tgz. Extracting by manifest.
194 silly tarball no local data for node-releases@https://registry.npmjs.org/node-releases/-/node-releases-2.0.48.tgz. Extracting by manifest.
195 silly tarball no local data for postcss@https://registry.npmjs.org/postcss/-/postcss-8.5.15.tgz. Extracting by manifest.
196 silly tarball no local data for nanoid@https://registry.npmjs.org/nanoid/-/nanoid-3.3.12.tgz. Extracting by manifest.
197 silly tarball no local data for ms@https://registry.npmjs.org/ms/-/ms-2.1.3.tgz. Extracting by manifest.
198 silly tarball no local data for lru-cache@https://registry.npmjs.org/lru-cache/-/lru-cache-5.1.1.tgz. Extracting by manifest.
199 silly tarball no local data for lucide-react@https://registry.npmjs.org/lucide-react/-/lucide-react-0.468.0.tgz. Extracting by manifest.
200 silly tarball no local data for json5@https://registry.npmjs.org/json5/-/json5-2.2.3.tgz. Extracting by manifest.
201 silly tarball no local data for jsesc@https://registry.npmjs.org/jsesc/-/jsesc-3.1.0.tgz. Extracting by manifest.
202 silly tarball no local data for escalade@https://registry.npmjs.org/escalade/-/escalade-3.2.0.tgz. Extracting by manifest.
203 silly tarball no local data for gensync@https://registry.npmjs.org/gensync/-/gensync-1.0.0-beta.2.tgz. Extracting by manifest.
204 silly tarball no local data for js-tokens@https://registry.npmjs.org/js-tokens/-/js-tokens-4.0.0.tgz. Extracting by manifest.
205 silly tarball no local data for fdir@https://registry.npmjs.org/fdir/-/fdir-6.5.0.tgz. Extracting by manifest.
206 silly tarball no local data for electron-to-chromium@https://registry.npmjs.org/electron-to-chromium/-/electron-to-chromium-1.5.375.tgz. Extracting by manifest.
207 silly tarball no local data for esbuild@https://registry.npmjs.org/esbuild/-/esbuild-0.25.12.tgz. Extracting by manifest.
208 silly tarball no local data for convert-source-map@https://registry.npmjs.org/convert-source-map/-/convert-source-map-2.0.0.tgz. Extracting by manifest.
209 silly tarball no local data for debug@https://registry.npmjs.org/debug/-/debug-4.4.3.tgz. Extracting by manifest.
210 silly tarball no local data for caniuse-lite@https://registry.npmjs.org/caniuse-lite/-/caniuse-lite-1.0.30001799.tgz. Extracting by manifest.
211 silly tarball no local data for browserslist@https://registry.npmjs.org/browserslist/-/browserslist-4.28.2.tgz. Extracting by manifest.
212 silly tarball no local data for baseline-browser-mapping@https://registry.npmjs.org/baseline-browser-mapping/-/baseline-browser-mapping-2.10.38.tgz. Extracting by manifest.
213 http fetch GET 200 https://registry.npmjs.org/@types/babel__generator/-/babel__generator-7.27.0.tgz 294ms (cache miss)
214 http fetch GET 200 https://registry.npmjs.org/@types/babel__core/-/babel__core-7.20.5.tgz 294ms (cache miss)
215 http fetch GET 200 https://registry.npmjs.org/@types/estree/-/estree-1.0.9.tgz 337ms (cache miss)
216 http fetch GET 200 https://registry.npmjs.org/@types/babel__traverse/-/babel__traverse-7.28.0.tgz 350ms (cache miss)
217 http fetch GET 200 https://registry.npmjs.org/@types/babel__template/-/babel__template-7.4.4.tgz 362ms (cache miss)
218 http fetch GET 200 https://registry.npmjs.org/@rolldown/pluginutils/-/pluginutils-1.0.0-beta.27.tgz 379ms (cache miss)
219 http fetch GET 200 https://registry.npmjs.org/@babel/plugin-transform-react-jsx-self/-/plugin-transform-react-jsx-self-7.29.7.tgz 396ms (cache miss)
220 http fetch GET 200 https://registry.npmjs.org/@vitejs/plugin-react/-/plugin-react-4.7.0.tgz 439ms (cache miss)
221 http fetch GET 200 https://registry.npmjs.org/@babel/plugin-transform-react-jsx-source/-/plugin-transform-react-jsx-source-7.29.7.tgz 426ms (cache miss)
222 http fetch GET 200 https://registry.npmjs.org/@babel/helper-plugin-utils/-/helper-plugin-utils-7.29.7.tgz 440ms (cache miss)
223 http fetch GET 200 https://registry.npmjs.org/@jridgewell/resolve-uri/-/resolve-uri-3.1.2.tgz 452ms (cache miss)
224 http fetch GET 200 https://registry.npmjs.org/@babel/helper-string-parser/-/helper-string-parser-7.29.7.tgz 489ms (cache miss)
225 http fetch GET 200 https://registry.npmjs.org/@babel/helper-globals/-/helper-globals-7.29.7.tgz 493ms (cache miss)
226 http fetch GET 200 https://registry.npmjs.org/@babel/helper-validator-identifier/-/helper-validator-identifier-7.29.7.tgz 495ms (cache miss)
227 http fetch GET 200 https://registry.npmjs.org/@babel/helper-validator-option/-/helper-validator-option-7.29.7.tgz 524ms (cache miss)
228 http fetch GET 200 https://registry.npmjs.org/@babel/template/-/template-7.29.7.tgz 584ms (cache miss)
229 http fetch GET 200 https://registry.npmjs.org/yallist/-/yallist-3.1.1.tgz 590ms (cache miss)
230 http fetch GET 200 https://registry.npmjs.org/@babel/helper-module-imports/-/helper-module-imports-7.29.7.tgz 598ms (cache miss)
231 http fetch GET 200 https://registry.npmjs.org/tinyglobby/-/tinyglobby-0.2.17.tgz 620ms (cache miss)
232 http fetch GET 200 https://registry.npmjs.org/update-browserslist-db/-/update-browserslist-db-1.2.3.tgz 639ms (cache miss)
233 http fetch GET 200 https://registry.npmjs.org/semver/-/semver-6.3.1.tgz 659ms (cache miss)
234 http fetch GET 200 https://registry.npmjs.org/@babel/code-frame/-/code-frame-7.29.7.tgz 689ms (cache miss)
235 http fetch GET 200 https://registry.npmjs.org/node-releases/-/node-releases-2.0.48.tgz 694ms (cache miss)
236 http fetch GET 200 https://registry.npmjs.org/@jridgewell/gen-mapping/-/gen-mapping-0.3.13.tgz 712ms (cache miss)
237 http fetch GET 200 https://registry.npmjs.org/ms/-/ms-2.1.3.tgz 704ms (cache miss)
238 http fetch GET 200 https://registry.npmjs.org/picocolors/-/picocolors-1.1.1.tgz 710ms (cache miss)
239 http fetch GET 200 https://registry.npmjs.org/nanoid/-/nanoid-3.3.12.tgz 715ms (cache miss)
240 http fetch GET 200 https://registry.npmjs.org/@jridgewell/sourcemap-codec/-/sourcemap-codec-1.5.5.tgz 802ms (cache miss)
241 http fetch GET 200 https://registry.npmjs.org/lru-cache/-/lru-cache-5.1.1.tgz 821ms (cache miss)
242 http fetch GET 200 https://registry.npmjs.org/jsesc/-/jsesc-3.1.0.tgz 827ms (cache miss)
243 http fetch GET 200 https://registry.npmjs.org/@babel/compat-data/-/compat-data-7.29.7.tgz 844ms (cache miss)
244 http fetch GET 200 https://registry.npmjs.org/react-refresh/-/react-refresh-0.17.0.tgz 869ms (cache miss)
245 http fetch GET 200 https://registry.npmjs.org/@jridgewell/remapping/-/remapping-2.3.5.tgz 899ms (cache miss)
246 http fetch GET 200 https://registry.npmjs.org/js-tokens/-/js-tokens-4.0.0.tgz 883ms (cache miss)
247 http fetch GET 200 https://registry.npmjs.org/convert-source-map/-/convert-source-map-2.0.0.tgz 892ms (cache miss)
248 http fetch GET 200 https://registry.npmjs.org/@babel/helper-compilation-targets/-/helper-compilation-targets-7.29.7.tgz 908ms (cache miss)
249 http fetch GET 200 https://registry.npmjs.org/picomatch/-/picomatch-4.0.4.tgz 918ms (cache miss)
250 http fetch GET 200 https://registry.npmjs.org/scheduler/-/scheduler-0.27.0.tgz 922ms (cache miss)
251 http fetch GET 200 https://registry.npmjs.org/gensync/-/gensync-1.0.0-beta.2.tgz 917ms (cache miss)
252 http fetch GET 200 https://registry.npmjs.org/fdir/-/fdir-6.5.0.tgz 919ms (cache miss)
253 http fetch GET 200 https://registry.npmjs.org/esbuild/-/esbuild-0.25.12.tgz 949ms (cache miss)
254 http fetch GET 200 https://registry.npmjs.org/debug/-/debug-4.4.3.tgz 957ms (cache miss)
255 http fetch GET 200 https://registry.npmjs.org/@rollup/rollup-win32-x64-msvc/-/rollup-win32-x64-msvc-4.62.0.tgz 991ms (cache miss)
256 http fetch GET 200 https://registry.npmjs.org/source-map-js/-/source-map-js-1.2.1.tgz 983ms (cache miss)
257 http fetch GET 200 https://registry.npmjs.org/escalade/-/escalade-3.2.0.tgz 980ms (cache miss)
258 http fetch GET 200 https://registry.npmjs.org/@babel/helper-module-transforms/-/helper-module-transforms-7.29.7.tgz 1000ms (cache miss)
259 http fetch GET 200 https://registry.npmjs.org/browserslist/-/browserslist-4.28.2.tgz 980ms (cache miss)
260 http fetch GET 200 https://registry.npmjs.org/electron-to-chromium/-/electron-to-chromium-1.5.375.tgz 996ms (cache miss)
261 http fetch GET 200 https://registry.npmjs.org/@babel/parser/-/parser-7.29.7.tgz 1024ms (cache miss)
262 http fetch GET 200 https://registry.npmjs.org/baseline-browser-mapping/-/baseline-browser-mapping-2.10.38.tgz 992ms (cache miss)
263 http fetch GET 200 https://registry.npmjs.org/json5/-/json5-2.2.3.tgz 1073ms (cache miss)
264 http fetch GET 200 https://registry.npmjs.org/react/-/react-19.2.7.tgz 1085ms (cache miss)
265 http fetch GET 200 https://registry.npmjs.org/@rollup/rollup-win32-x64-gnu/-/rollup-win32-x64-gnu-4.62.0.tgz 1104ms (cache miss)
266 http fetch GET 200 https://registry.npmjs.org/@jridgewell/trace-mapping/-/trace-mapping-0.3.31.tgz 1105ms (cache miss)
267 http fetch GET 200 https://registry.npmjs.org/@babel/generator/-/generator-7.29.7.tgz 1341ms (cache miss)
268 http fetch GET 200 https://registry.npmjs.org/postcss/-/postcss-8.5.15.tgz 1346ms (cache miss)
269 http fetch GET 200 https://registry.npmjs.org/vite/-/vite-6.4.3.tgz 1368ms (cache miss)
270 http fetch GET 200 https://registry.npmjs.org/rollup/-/rollup-4.62.0.tgz 1367ms (cache miss)
271 http fetch GET 200 https://registry.npmjs.org/@babel/traverse/-/traverse-7.29.7.tgz 1401ms (cache miss)
272 http fetch GET 200 https://registry.npmjs.org/@esbuild/win32-x64/-/win32-x64-0.25.12.tgz 1449ms (cache miss)
273 http fetch GET 200 https://registry.npmjs.org/react-dom/-/react-dom-19.2.7.tgz 1507ms (cache miss)
274 http fetch GET 200 https://registry.npmjs.org/@babel/core/-/core-7.29.7.tgz 1581ms (cache miss)
275 http fetch GET 200 https://registry.npmjs.org/@babel/types/-/types-7.29.7.tgz 1683ms (cache miss)
276 http fetch GET 200 https://registry.npmjs.org/@babel/helpers/-/helpers-7.29.7.tgz 1745ms (cache miss)
277 http fetch GET 200 https://registry.npmjs.org/caniuse-lite/-/caniuse-lite-1.0.30001799.tgz 2479ms (cache miss)
278 http fetch GET 200 https://registry.npmjs.org/lucide-react/-/lucide-react-0.468.0.tgz 5645ms (cache miss)
279 info run esbuild@0.25.12 postinstall node_modules/esbuild node install.js
280 info run esbuild@0.25.12 postinstall { code: 0, signal: null }
281 silly CHANGE node_modules/@vitejs/plugin-react
282 silly CHANGE node_modules/@types/estree
283 silly CHANGE node_modules/@types/babel__traverse
284 silly CHANGE node_modules/@types/babel__template
285 silly CHANGE node_modules/@types/babel__generator
286 silly CHANGE node_modules/@types/babel__core
287 silly CHANGE node_modules/@rollup/rollup-win32-x64-msvc
288 silly CHANGE node_modules/@rollup/rollup-win32-x64-gnu
289 silly CHANGE node_modules/@rolldown/pluginutils
290 silly CHANGE node_modules/@jridgewell/trace-mapping
291 silly CHANGE node_modules/@jridgewell/sourcemap-codec
292 silly CHANGE node_modules/@jridgewell/remapping
293 silly CHANGE node_modules/@jridgewell/resolve-uri
294 silly CHANGE node_modules/@jridgewell/gen-mapping
295 silly CHANGE node_modules/@esbuild/win32-x64
296 silly CHANGE node_modules/@babel/traverse
297 silly CHANGE node_modules/@babel/types
298 silly CHANGE node_modules/@babel/template
299 silly CHANGE node_modules/@babel/plugin-transform-react-jsx-self
300 silly CHANGE node_modules/@babel/plugin-transform-react-jsx-source
301 silly CHANGE node_modules/@babel/parser
302 silly CHANGE node_modules/@babel/helpers
303 silly CHANGE node_modules/@babel/helper-validator-option
304 silly CHANGE node_modules/@babel/helper-validator-identifier
305 silly CHANGE node_modules/@babel/helper-string-parser
306 silly CHANGE node_modules/@babel/helper-plugin-utils
307 silly CHANGE node_modules/@babel/helper-module-transforms
308 silly CHANGE node_modules/@babel/helper-module-imports
309 silly CHANGE node_modules/@babel/helper-globals
310 silly CHANGE node_modules/@babel/generator
311 silly CHANGE node_modules/@babel/core
312 silly CHANGE node_modules/@babel/helper-compilation-targets
313 silly CHANGE node_modules/@babel/compat-data
314 silly CHANGE node_modules/@babel/code-frame
315 silly CHANGE node_modules/vite
316 silly CHANGE node_modules/yallist
317 silly CHANGE node_modules/update-browserslist-db
318 silly CHANGE node_modules/tinyglobby
319 silly CHANGE node_modules/source-map-js
320 silly CHANGE node_modules/semver
321 silly CHANGE node_modules/scheduler
322 silly CHANGE node_modules/react-refresh
323 silly CHANGE node_modules/rollup
324 silly CHANGE node_modules/react
325 silly CHANGE node_modules/react-dom
326 silly CHANGE node_modules/postcss
327 silly CHANGE node_modules/picomatch
328 silly CHANGE node_modules/picocolors
329 silly CHANGE node_modules/node-releases
330 silly CHANGE node_modules/nanoid
331 silly CHANGE node_modules/ms
332 silly CHANGE node_modules/lucide-react
333 silly CHANGE node_modules/lru-cache
334 silly CHANGE node_modules/json5
335 silly CHANGE node_modules/jsesc
336 silly CHANGE node_modules/js-tokens
337 silly CHANGE node_modules/gensync
338 silly CHANGE node_modules/fdir
339 silly CHANGE node_modules/escalade
340 silly CHANGE node_modules/esbuild
341 silly CHANGE node_modules/electron-to-chromium
342 silly CHANGE node_modules/debug
343 silly CHANGE node_modules/caniuse-lite
344 silly CHANGE node_modules/convert-source-map
345 silly CHANGE node_modules/browserslist
346 silly CHANGE node_modules/baseline-browser-mapping
347 verbose cwd D:\Application\Thu_Moi_Tot_Nghiep
348 verbose os Windows_NT 10.0.26200
349 verbose node v24.14.0
350 verbose npm  v11.9.0
351 verbose exit 0
352 info ok
