0 verbose cli C:\Program Files\nodejs\node.exe C:\Program Files\nodejs\node_modules\npm\bin\npm-cli.js
1 info using npm@11.9.0
2 info using node@v24.14.0
3 silly config load:file:C:\Program Files\nodejs\node_modules\npm\npmrc
4 silly config load:file:D:\Application\Thu_Moi_Tot_Nghiep\server\.npmrc
5 silly config load:file:C:\Users\PHUCNGUYEN COMPANY\.npmrc
6 silly config load:file:D:\Application\Thu_Moi_Tot_Nghiep\server\etc\npmrc
7 verbose title npm install
8 verbose argv "install" "--prefix" "server" "--no-audit"
9 verbose logfile logs-max:10 dir:D:\Application\Thu_Moi_Tot_Nghiep\.npm-cache\_logs\2026-06-18T16_14_15_256Z-
10 verbose logfile D:\Application\Thu_Moi_Tot_Nghiep\.npm-cache\_logs\2026-06-18T16_14_15_256Z-debug-0.log
11 silly logfile done cleaning log files
12 silly packumentCache heap:4496293888 maxSize:1124073472 maxEntrySize:562036736
13 silly idealTree buildDeps
14 silly reify mark retired [
14 silly reify   'D:\\Application\\Thu_Moi_Tot_Nghiep\\server\\node_modules\\accepts'
14 silly reify ]
15 silly reify mark retired [
15 silly reify   'D:\\Application\\Thu_Moi_Tot_Nghiep\\server\\node_modules\\append-field'
15 silly reify ]
16 silly reify mark retired [
16 silly reify   'D:\\Application\\Thu_Moi_Tot_Nghiep\\server\\node_modules\\anymatch'
16 silly reify ]
17 silly reify mark retired [
17 silly reify   'D:\\Application\\Thu_Moi_Tot_Nghiep\\server\\node_modules\\array-flatten'
17 silly reify ]
18 silly reify mark retired [
18 silly reify   'D:\\Application\\Thu_Moi_Tot_Nghiep\\server\\node_modules\\binary-extensions'
18 silly reify ]
19 silly reify mark retired [
19 silly reify   'D:\\Application\\Thu_Moi_Tot_Nghiep\\server\\node_modules\\balanced-match'
19 silly reify ]
20 silly reify mark retired [
20 silly reify   'D:\\Application\\Thu_Moi_Tot_Nghiep\\server\\node_modules\\body-parser'
20 silly reify ]
21 silly reify mark retired [
21 silly reify   'D:\\Application\\Thu_Moi_Tot_Nghiep\\server\\node_modules\\brace-expansion'
21 silly reify ]
22 silly reify mark retired [ 'D:\\Application\\Thu_Moi_Tot_Nghiep\\server\\node_modules\\braces' ]
23 silly reify mark retired [
23 silly reify   'D:\\Application\\Thu_Moi_Tot_Nghiep\\server\\node_modules\\buffer-from'
23 silly reify ]
24 silly reify mark retired [ 'D:\\Application\\Thu_Moi_Tot_Nghiep\\server\\node_modules\\busboy' ]
25 silly reify mark retired [ 'D:\\Application\\Thu_Moi_Tot_Nghiep\\server\\node_modules\\bytes' ]
26 silly reify mark retired [
26 silly reify   'D:\\Application\\Thu_Moi_Tot_Nghiep\\server\\node_modules\\chokidar'
26 silly reify ]
27 silly reify mark retired [
27 silly reify   'D:\\Application\\Thu_Moi_Tot_Nghiep\\server\\node_modules\\call-bound'
27 silly reify ]
28 silly reify mark retired [
28 silly reify   'D:\\Application\\Thu_Moi_Tot_Nghiep\\server\\node_modules\\concat-stream'
28 silly reify ]
29 silly reify mark retired [
29 silly reify   'D:\\Application\\Thu_Moi_Tot_Nghiep\\server\\node_modules\\content-disposition'
29 silly reify ]
30 silly reify mark retired [
30 silly reify   'D:\\Application\\Thu_Moi_Tot_Nghiep\\server\\node_modules\\content-type'
30 silly reify ]
31 silly reify mark retired [ 'D:\\Application\\Thu_Moi_Tot_Nghiep\\server\\node_modules\\cookie' ]
32 silly reify mark retired [
32 silly reify   'D:\\Application\\Thu_Moi_Tot_Nghiep\\server\\node_modules\\cookie-signature'
32 silly reify ]
33 silly reify mark retired [ 'D:\\Application\\Thu_Moi_Tot_Nghiep\\server\\node_modules\\debug' ]
34 silly reify mark retired [ 'D:\\Application\\Thu_Moi_Tot_Nghiep\\server\\node_modules\\cors' ]
35 silly reify mark retired [
35 silly reify   'D:\\Application\\Thu_Moi_Tot_Nghiep\\server\\node_modules\\destroy'
35 silly reify ]
36 silly reify mark retired [ 'D:\\Application\\Thu_Moi_Tot_Nghiep\\server\\node_modules\\depd' ]
37 silly reify mark retired [
37 silly reify   'D:\\Application\\Thu_Moi_Tot_Nghiep\\server\\node_modules\\ee-first'
37 silly reify ]
38 silly reify mark retired [
38 silly reify   'D:\\Application\\Thu_Moi_Tot_Nghiep\\server\\node_modules\\encodeurl'
38 silly reify ]
39 silly reify mark retired [
39 silly reify   'D:\\Application\\Thu_Moi_Tot_Nghiep\\server\\node_modules\\escape-html'
39 silly reify ]
40 silly reify mark retired [ 'D:\\Application\\Thu_Moi_Tot_Nghiep\\server\\node_modules\\etag' ]
41 silly reify mark retired [
41 silly reify   'D:\\Application\\Thu_Moi_Tot_Nghiep\\server\\node_modules\\express'
41 silly reify ]
42 silly reify mark retired [
42 silly reify   'D:\\Application\\Thu_Moi_Tot_Nghiep\\server\\node_modules\\fill-range'
42 silly reify ]
43 silly reify mark retired [
43 silly reify   'D:\\Application\\Thu_Moi_Tot_Nghiep\\server\\node_modules\\finalhandler'
43 silly reify ]
44 silly reify mark retired [
44 silly reify   'D:\\Application\\Thu_Moi_Tot_Nghiep\\server\\node_modules\\forwarded'
44 silly reify ]
45 silly reify mark retired [ 'D:\\Application\\Thu_Moi_Tot_Nghiep\\server\\node_modules\\fresh' ]
46 silly reify mark retired [
46 silly reify   'D:\\Application\\Thu_Moi_Tot_Nghiep\\server\\node_modules\\glob-parent'
46 silly reify ]
47 silly reify mark retired [
47 silly reify   'D:\\Application\\Thu_Moi_Tot_Nghiep\\server\\node_modules\\has-flag'
47 silly reify ]
48 silly reify mark retired [
48 silly reify   'D:\\Application\\Thu_Moi_Tot_Nghiep\\server\\node_modules\\http-errors'
48 silly reify ]
49 silly reify mark retired [
49 silly reify   'D:\\Application\\Thu_Moi_Tot_Nghiep\\server\\node_modules\\iconv-lite'
49 silly reify ]
50 silly reify mark retired [
50 silly reify   'D:\\Application\\Thu_Moi_Tot_Nghiep\\server\\node_modules\\ignore-by-default'
50 silly reify ]
51 silly reify mark retired [
51 silly reify   'D:\\Application\\Thu_Moi_Tot_Nghiep\\server\\node_modules\\inherits'
51 silly reify ]
52 silly reify mark retired [
52 silly reify   'D:\\Application\\Thu_Moi_Tot_Nghiep\\server\\node_modules\\ipaddr.js'
52 silly reify ]
53 silly reify mark retired [
53 silly reify   'D:\\Application\\Thu_Moi_Tot_Nghiep\\server\\node_modules\\is-binary-path'
53 silly reify ]
54 silly reify mark retired [
54 silly reify   'D:\\Application\\Thu_Moi_Tot_Nghiep\\server\\node_modules\\is-extglob'
54 silly reify ]
55 silly reify mark retired [
55 silly reify   'D:\\Application\\Thu_Moi_Tot_Nghiep\\server\\node_modules\\is-glob'
55 silly reify ]
56 silly reify mark retired [
56 silly reify   'D:\\Application\\Thu_Moi_Tot_Nghiep\\server\\node_modules\\is-number'
56 silly reify ]
57 silly reify mark retired [
57 silly reify   'D:\\Application\\Thu_Moi_Tot_Nghiep\\server\\node_modules\\media-typer'
57 silly reify ]
58 silly reify mark retired [
58 silly reify   'D:\\Application\\Thu_Moi_Tot_Nghiep\\server\\node_modules\\merge-descriptors'
58 silly reify ]
59 silly reify mark retired [
59 silly reify   'D:\\Application\\Thu_Moi_Tot_Nghiep\\server\\node_modules\\methods'
59 silly reify ]
60 silly reify mark retired [ 'D:\\Application\\Thu_Moi_Tot_Nghiep\\server\\node_modules\\mime' ]
61 silly reify mark retired [
61 silly reify   'D:\\Application\\Thu_Moi_Tot_Nghiep\\server\\node_modules\\minimatch'
61 silly reify ]
62 silly reify mark retired [ 'D:\\Application\\Thu_Moi_Tot_Nghiep\\server\\node_modules\\multer' ]
63 silly reify mark retired [ 'D:\\Application\\Thu_Moi_Tot_Nghiep\\server\\node_modules\\ms' ]
64 silly reify mark retired [
64 silly reify   'D:\\Application\\Thu_Moi_Tot_Nghiep\\server\\node_modules\\negotiator'
64 silly reify ]
65 silly reify mark retired [
65 silly reify   'D:\\Application\\Thu_Moi_Tot_Nghiep\\server\\node_modules\\nodemon'
65 silly reify ]
66 silly reify mark retired [
66 silly reify   'D:\\Application\\Thu_Moi_Tot_Nghiep\\server\\node_modules\\normalize-path'
66 silly reify ]
67 silly reify mark retired [
67 silly reify   'D:\\Application\\Thu_Moi_Tot_Nghiep\\server\\node_modules\\object-inspect'
67 silly reify ]
68 silly reify mark retired [
68 silly reify   'D:\\Application\\Thu_Moi_Tot_Nghiep\\server\\node_modules\\object-assign'
68 silly reify ]
69 silly reify mark retired [
69 silly reify   'D:\\Application\\Thu_Moi_Tot_Nghiep\\server\\node_modules\\parseurl'
69 silly reify ]
70 silly reify mark retired [
70 silly reify   'D:\\Application\\Thu_Moi_Tot_Nghiep\\server\\node_modules\\on-finished'
70 silly reify ]
71 silly reify mark retired [
71 silly reify   'D:\\Application\\Thu_Moi_Tot_Nghiep\\server\\node_modules\\path-to-regexp'
71 silly reify ]
72 silly reify mark retired [
72 silly reify   'D:\\Application\\Thu_Moi_Tot_Nghiep\\server\\node_modules\\picomatch'
72 silly reify ]
73 silly reify mark retired [
73 silly reify   'D:\\Application\\Thu_Moi_Tot_Nghiep\\server\\node_modules\\proxy-addr'
73 silly reify ]
74 silly reify mark retired [
74 silly reify   'D:\\Application\\Thu_Moi_Tot_Nghiep\\server\\node_modules\\pstree.remy'
74 silly reify ]
75 silly reify mark retired [
75 silly reify   'D:\\Application\\Thu_Moi_Tot_Nghiep\\server\\node_modules\\raw-body'
75 silly reify ]
76 silly reify mark retired [
76 silly reify   'D:\\Application\\Thu_Moi_Tot_Nghiep\\server\\node_modules\\range-parser'
76 silly reify ]
77 silly reify mark retired [
77 silly reify   'D:\\Application\\Thu_Moi_Tot_Nghiep\\server\\node_modules\\readable-stream'
77 silly reify ]
78 silly reify mark retired [
78 silly reify   'D:\\Application\\Thu_Moi_Tot_Nghiep\\server\\node_modules\\readdirp'
78 silly reify ]
79 silly reify mark retired [
79 silly reify   'D:\\Application\\Thu_Moi_Tot_Nghiep\\server\\node_modules\\safe-buffer'
79 silly reify ]
80 silly reify mark retired [
80 silly reify   'D:\\Application\\Thu_Moi_Tot_Nghiep\\server\\node_modules\\safer-buffer'
80 silly reify ]
81 silly reify mark retired [ 'D:\\Application\\Thu_Moi_Tot_Nghiep\\server\\node_modules\\semver' ]
82 silly reify mark retired [ 'D:\\Application\\Thu_Moi_Tot_Nghiep\\server\\node_modules\\send' ]
83 silly reify mark retired [
83 silly reify   'D:\\Application\\Thu_Moi_Tot_Nghiep\\server\\node_modules\\serve-static'
83 silly reify ]
84 silly reify mark retired [
84 silly reify   'D:\\Application\\Thu_Moi_Tot_Nghiep\\server\\node_modules\\setprototypeof'
84 silly reify ]
85 silly reify mark retired [
85 silly reify   'D:\\Application\\Thu_Moi_Tot_Nghiep\\server\\node_modules\\side-channel'
85 silly reify ]
86 silly reify mark retired [
86 silly reify   'D:\\Application\\Thu_Moi_Tot_Nghiep\\server\\node_modules\\side-channel-list'
86 silly reify ]
87 silly reify mark retired [
87 silly reify   'D:\\Application\\Thu_Moi_Tot_Nghiep\\server\\node_modules\\side-channel-map'
87 silly reify ]
88 silly reify mark retired [
88 silly reify   'D:\\Application\\Thu_Moi_Tot_Nghiep\\server\\node_modules\\side-channel-weakmap'
88 silly reify ]
89 silly reify mark retired [
89 silly reify   'D:\\Application\\Thu_Moi_Tot_Nghiep\\server\\node_modules\\simple-update-notifier'
89 silly reify ]
90 silly reify mark retired [
90 silly reify   'D:\\Application\\Thu_Moi_Tot_Nghiep\\server\\node_modules\\statuses'
90 silly reify ]
91 silly reify mark retired [
91 silly reify   'D:\\Application\\Thu_Moi_Tot_Nghiep\\server\\node_modules\\streamsearch'
91 silly reify ]
92 silly reify mark retired [
92 silly reify   'D:\\Application\\Thu_Moi_Tot_Nghiep\\server\\node_modules\\string_decoder'
92 silly reify ]
93 silly reify mark retired [
93 silly reify   'D:\\Application\\Thu_Moi_Tot_Nghiep\\server\\node_modules\\supports-color'
93 silly reify ]
94 silly reify mark retired [
94 silly reify   'D:\\Application\\Thu_Moi_Tot_Nghiep\\server\\node_modules\\to-regex-range'
94 silly reify ]
95 silly reify mark retired [
95 silly reify   'D:\\Application\\Thu_Moi_Tot_Nghiep\\server\\node_modules\\toidentifier'
95 silly reify ]
96 silly reify mark retired [ 'D:\\Application\\Thu_Moi_Tot_Nghiep\\server\\node_modules\\touch' ]
97 silly reify mark retired [
97 silly reify   'D:\\Application\\Thu_Moi_Tot_Nghiep\\server\\node_modules\\type-is'
97 silly reify ]
98 silly reify mark retired [
98 silly reify   'D:\\Application\\Thu_Moi_Tot_Nghiep\\server\\node_modules\\typedarray'
98 silly reify ]
99 silly reify mark retired [ 'D:\\Application\\Thu_Moi_Tot_Nghiep\\server\\node_modules\\unpipe' ]
100 silly reify mark retired [
100 silly reify   'D:\\Application\\Thu_Moi_Tot_Nghiep\\server\\node_modules\\undefsafe'
100 silly reify ]
101 silly reify mark retired [
101 silly reify   'D:\\Application\\Thu_Moi_Tot_Nghiep\\server\\node_modules\\util-deprecate'
101 silly reify ]
102 silly reify mark retired [
102 silly reify   'D:\\Application\\Thu_Moi_Tot_Nghiep\\server\\node_modules\\utils-merge'
102 silly reify ]
103 silly reify mark retired [ 'D:\\Application\\Thu_Moi_Tot_Nghiep\\server\\node_modules\\vary' ]
104 silly reify moves {
104 silly reify   'D:\\Application\\Thu_Moi_Tot_Nghiep\\server\\node_modules\\accepts': 'D:\\Application\\Thu_Moi_Tot_Nghiep\\server\\node_modules\\.accepts-NqZneCpG',
104 silly reify   'D:\\Application\\Thu_Moi_Tot_Nghiep\\server\\node_modules\\append-field': 'D:\\Application\\Thu_Moi_Tot_Nghiep\\server\\node_modules\\.append-field-j7oninBG',
104 silly reify   'D:\\Application\\Thu_Moi_Tot_Nghiep\\server\\node_modules\\anymatch': 'D:\\Application\\Thu_Moi_Tot_Nghiep\\server\\node_modules\\.anymatch-gOAOXfIj',
104 silly reify   'D:\\Application\\Thu_Moi_Tot_Nghiep\\server\\node_modules\\array-flatten': 'D:\\Application\\Thu_Moi_Tot_Nghiep\\server\\node_modules\\.array-flatten-d0e2vSWu',
104 silly reify   'D:\\Application\\Thu_Moi_Tot_Nghiep\\server\\node_modules\\binary-extensions': 'D:\\Application\\Thu_Moi_Tot_Nghiep\\server\\node_modules\\.binary-extensions-1MACXpa8',
104 silly reify   'D:\\Application\\Thu_Moi_Tot_Nghiep\\server\\node_modules\\balanced-match': 'D:\\Application\\Thu_Moi_Tot_Nghiep\\server\\node_modules\\.balanced-match-C90otn5H',
104 silly reify   'D:\\Application\\Thu_Moi_Tot_Nghiep\\server\\node_modules\\body-parser': 'D:\\Application\\Thu_Moi_Tot_Nghiep\\server\\node_modules\\.body-parser-Etb5mcOl',
104 silly reify   'D:\\Application\\Thu_Moi_Tot_Nghiep\\server\\node_modules\\brace-expansion': 'D:\\Application\\Thu_Moi_Tot_Nghiep\\server\\node_modules\\.brace-expansion-TmFUVEkU',
104 silly reify   'D:\\Application\\Thu_Moi_Tot_Nghiep\\server\\node_modules\\braces': 'D:\\Application\\Thu_Moi_Tot_Nghiep\\server\\node_modules\\.braces-mBlV4VJs',
104 silly reify   'D:\\Application\\Thu_Moi_Tot_Nghiep\\server\\node_modules\\buffer-from': 'D:\\Application\\Thu_Moi_Tot_Nghiep\\server\\node_modules\\.buffer-from-sHuxkDJG',
104 silly reify   'D:\\Application\\Thu_Moi_Tot_Nghiep\\server\\node_modules\\busboy': 'D:\\Application\\Thu_Moi_Tot_Nghiep\\server\\node_modules\\.busboy-32Ydx4vS',
104 silly reify   'D:\\Application\\Thu_Moi_Tot_Nghiep\\server\\node_modules\\bytes': 'D:\\Application\\Thu_Moi_Tot_Nghiep\\server\\node_modules\\.bytes-F8ehRlPA',
104 silly reify   'D:\\Application\\Thu_Moi_Tot_Nghiep\\server\\node_modules\\chokidar': 'D:\\Application\\Thu_Moi_Tot_Nghiep\\server\\node_modules\\.chokidar-cX8bAz3T',
104 silly reify   'D:\\Application\\Thu_Moi_Tot_Nghiep\\server\\node_modules\\call-bound': 'D:\\Application\\Thu_Moi_Tot_Nghiep\\server\\node_modules\\.call-bound-uNATQRud',
104 silly reify   'D:\\Application\\Thu_Moi_Tot_Nghiep\\server\\node_modules\\concat-stream': 'D:\\Application\\Thu_Moi_Tot_Nghiep\\server\\node_modules\\.concat-stream-9FrWzfmX',
104 silly reify   'D:\\Application\\Thu_Moi_Tot_Nghiep\\server\\node_modules\\content-disposition': 'D:\\Application\\Thu_Moi_Tot_Nghiep\\server\\node_modules\\.content-disposition-Rvdt4Ilp',
104 silly reify   'D:\\Application\\Thu_Moi_Tot_Nghiep\\server\\node_modules\\content-type': 'D:\\Application\\Thu_Moi_Tot_Nghiep\\server\\node_modules\\.content-type-s0jg9efk',
104 silly reify   'D:\\Application\\Thu_Moi_Tot_Nghiep\\server\\node_modules\\cookie': 'D:\\Application\\Thu_Moi_Tot_Nghiep\\server\\node_modules\\.cookie-P89Rjqq6',
104 silly reify   'D:\\Application\\Thu_Moi_Tot_Nghiep\\server\\node_modules\\cookie-signature': 'D:\\Application\\Thu_Moi_Tot_Nghiep\\server\\node_modules\\.cookie-signature-tuekH1kb',
104 silly reify   'D:\\Application\\Thu_Moi_Tot_Nghiep\\server\\node_modules\\debug': 'D:\\Application\\Thu_Moi_Tot_Nghiep\\server\\node_modules\\.debug-zRB87wlk',
104 silly reify   'D:\\Application\\Thu_Moi_Tot_Nghiep\\server\\node_modules\\cors': 'D:\\Application\\Thu_Moi_Tot_Nghiep\\server\\node_modules\\.cors-O3f6rJ44',
104 silly reify   'D:\\Application\\Thu_Moi_Tot_Nghiep\\server\\node_modules\\destroy': 'D:\\Application\\Thu_Moi_Tot_Nghiep\\server\\node_modules\\.destroy-ln4BPgF7',
104 silly reify   'D:\\Application\\Thu_Moi_Tot_Nghiep\\server\\node_modules\\depd': 'D:\\Application\\Thu_Moi_Tot_Nghiep\\server\\node_modules\\.depd-fiJz3xYr',
104 silly reify   'D:\\Application\\Thu_Moi_Tot_Nghiep\\server\\node_modules\\ee-first': 'D:\\Application\\Thu_Moi_Tot_Nghiep\\server\\node_modules\\.ee-first-cFxh9Swk',
104 silly reify   'D:\\Application\\Thu_Moi_Tot_Nghiep\\server\\node_modules\\encodeurl': 'D:\\Application\\Thu_Moi_Tot_Nghiep\\server\\node_modules\\.encodeurl-Ir1FgHzy',
104 silly reify   'D:\\Application\\Thu_Moi_Tot_Nghiep\\server\\node_modules\\escape-html': 'D:\\Application\\Thu_Moi_Tot_Nghiep\\server\\node_modules\\.escape-html-vYKrDKIf',
104 silly reify   'D:\\Application\\Thu_Moi_Tot_Nghiep\\server\\node_modules\\etag': 'D:\\Application\\Thu_Moi_Tot_Nghiep\\server\\node_modules\\.etag-ZLqEoa1f',
104 silly reify   'D:\\Application\\Thu_Moi_Tot_Nghiep\\server\\node_modules\\express': 'D:\\Application\\Thu_Moi_Tot_Nghiep\\server\\node_modules\\.express-UBX9VDeK',
104 silly reify   'D:\\Application\\Thu_Moi_Tot_Nghiep\\server\\node_modules\\fill-range': 'D:\\Application\\Thu_Moi_Tot_Nghiep\\server\\node_modules\\.fill-range-VZWrleih',
104 silly reify   'D:\\Application\\Thu_Moi_Tot_Nghiep\\server\\node_modules\\finalhandler': 'D:\\Application\\Thu_Moi_Tot_Nghiep\\server\\node_modules\\.finalhandler-IWnyIyuM',
104 silly reify   'D:\\Application\\Thu_Moi_Tot_Nghiep\\server\\node_modules\\forwarded': 'D:\\Application\\Thu_Moi_Tot_Nghiep\\server\\node_modules\\.forwarded-pjDNR40E',
104 silly reify   'D:\\Application\\Thu_Moi_Tot_Nghiep\\server\\node_modules\\fresh': 'D:\\Application\\Thu_Moi_Tot_Nghiep\\server\\node_modules\\.fresh-oXSwau5P',
104 silly reify   'D:\\Application\\Thu_Moi_Tot_Nghiep\\server\\node_modules\\glob-parent': 'D:\\Application\\Thu_Moi_Tot_Nghiep\\server\\node_modules\\.glob-parent-HvpUz10w',
104 silly reify   'D:\\Application\\Thu_Moi_Tot_Nghiep\\server\\node_modules\\has-flag': 'D:\\Application\\Thu_Moi_Tot_Nghiep\\server\\node_modules\\.has-flag-QmsrQTb0',
104 silly reify   'D:\\Application\\Thu_Moi_Tot_Nghiep\\server\\node_modules\\http-errors': 'D:\\Application\\Thu_Moi_Tot_Nghiep\\server\\node_modules\\.http-errors-uYRR7ZFq',
104 silly reify   'D:\\Application\\Thu_Moi_Tot_Nghiep\\server\\node_modules\\iconv-lite': 'D:\\Application\\Thu_Moi_Tot_Nghiep\\server\\node_modules\\.iconv-lite-DnDlWJys',
104 silly reify   'D:\\Application\\Thu_Moi_Tot_Nghiep\\server\\node_modules\\ignore-by-default': 'D:\\Application\\Thu_Moi_Tot_Nghiep\\server\\node_modules\\.ignore-by-default-XIPXBbhl',
104 silly reify   'D:\\Application\\Thu_Moi_Tot_Nghiep\\server\\node_modules\\inherits': 'D:\\Application\\Thu_Moi_Tot_Nghiep\\server\\node_modules\\.inherits-4nzZHpEa',
104 silly reify   'D:\\Application\\Thu_Moi_Tot_Nghiep\\server\\node_modules\\ipaddr.js': 'D:\\Application\\Thu_Moi_Tot_Nghiep\\server\\node_modules\\.ipaddr.js-JkXgmhI8',
104 silly reify   'D:\\Application\\Thu_Moi_Tot_Nghiep\\server\\node_modules\\is-binary-path': 'D:\\Application\\Thu_Moi_Tot_Nghiep\\server\\node_modules\\.is-binary-path-tq8FRFgd',
104 silly reify   'D:\\Application\\Thu_Moi_Tot_Nghiep\\server\\node_modules\\is-extglob': 'D:\\Application\\Thu_Moi_Tot_Nghiep\\server\\node_modules\\.is-extglob-k6TGPmef',
104 silly reify   'D:\\Application\\Thu_Moi_Tot_Nghiep\\server\\node_modules\\is-glob': 'D:\\Application\\Thu_Moi_Tot_Nghiep\\server\\node_modules\\.is-glob-8Gxp409K',
104 silly reify   'D:\\Application\\Thu_Moi_Tot_Nghiep\\server\\node_modules\\is-number': 'D:\\Application\\Thu_Moi_Tot_Nghiep\\server\\node_modules\\.is-number-jNKAI2qz',
104 silly reify   'D:\\Application\\Thu_Moi_Tot_Nghiep\\server\\node_modules\\media-typer': 'D:\\Application\\Thu_Moi_Tot_Nghiep\\server\\node_modules\\.media-typer-fjOXOgGM',
104 silly reify   'D:\\Application\\Thu_Moi_Tot_Nghiep\\server\\node_modules\\merge-descriptors': 'D:\\Application\\Thu_Moi_Tot_Nghiep\\server\\node_modules\\.merge-descriptors-ep9h5O9B',
104 silly reify   'D:\\Application\\Thu_Moi_Tot_Nghiep\\server\\node_modules\\methods': 'D:\\Application\\Thu_Moi_Tot_Nghiep\\server\\node_modules\\.methods-dsVxAuVO',
104 silly reify   'D:\\Application\\Thu_Moi_Tot_Nghiep\\server\\node_modules\\mime': 'D:\\Application\\Thu_Moi_Tot_Nghiep\\server\\node_modules\\.mime-F5eWMa0d',
104 silly reify   'D:\\Application\\Thu_Moi_Tot_Nghiep\\server\\node_modules\\minimatch': 'D:\\Application\\Thu_Moi_Tot_Nghiep\\server\\node_modules\\.minimatch-wOYN59Yc',
104 silly reify   'D:\\Application\\Thu_Moi_Tot_Nghiep\\server\\node_modules\\multer': 'D:\\Application\\Thu_Moi_Tot_Nghiep\\server\\node_modules\\.multer-qi4nOT4S',
104 silly reify   'D:\\Application\\Thu_Moi_Tot_Nghiep\\server\\node_modules\\ms': 'D:\\Application\\Thu_Moi_Tot_Nghiep\\server\\node_modules\\.ms-dPDexIY4',
104 silly reify   'D:\\Application\\Thu_Moi_Tot_Nghiep\\server\\node_modules\\negotiator': 'D:\\Application\\Thu_Moi_Tot_Nghiep\\server\\node_modules\\.negotiator-xf1xIi7f',
104 silly reify   'D:\\Application\\Thu_Moi_Tot_Nghiep\\server\\node_modules\\nodemon': 'D:\\Application\\Thu_Moi_Tot_Nghiep\\server\\node_modules\\.nodemon-6WXMeDSw',
104 silly reify   'D:\\Application\\Thu_Moi_Tot_Nghiep\\server\\node_modules\\normalize-path': 'D:\\Application\\Thu_Moi_Tot_Nghiep\\server\\node_modules\\.normalize-path-EXQ8ZqoO',
104 silly reify   'D:\\Application\\Thu_Moi_Tot_Nghiep\\server\\node_modules\\object-inspect': 'D:\\Application\\Thu_Moi_Tot_Nghiep\\server\\node_modules\\.object-inspect-Iftwl2MX',
104 silly reify   'D:\\Application\\Thu_Moi_Tot_Nghiep\\server\\node_modules\\object-assign': 'D:\\Application\\Thu_Moi_Tot_Nghiep\\server\\node_modules\\.object-assign-4eP2224j',
104 silly reify   'D:\\Application\\Thu_Moi_Tot_Nghiep\\server\\node_modules\\parseurl': 'D:\\Application\\Thu_Moi_Tot_Nghiep\\server\\node_modules\\.parseurl-XnOPVcXR',
104 silly reify   'D:\\Application\\Thu_Moi_Tot_Nghiep\\server\\node_modules\\on-finished': 'D:\\Application\\Thu_Moi_Tot_Nghiep\\server\\node_modules\\.on-finished-21kT6FWo',
104 silly reify   'D:\\Application\\Thu_Moi_Tot_Nghiep\\server\\node_modules\\path-to-regexp': 'D:\\Application\\Thu_Moi_Tot_Nghiep\\server\\node_modules\\.path-to-regexp-OD9yRXK8',
104 silly reify   'D:\\Application\\Thu_Moi_Tot_Nghiep\\server\\node_modules\\picomatch': 'D:\\Application\\Thu_Moi_Tot_Nghiep\\server\\node_modules\\.picomatch-s1tzTS1I',
104 silly reify   'D:\\Application\\Thu_Moi_Tot_Nghiep\\server\\node_modules\\proxy-addr': 'D:\\Application\\Thu_Moi_Tot_Nghiep\\server\\node_modules\\.proxy-addr-RYqtPFda',
104 silly reify   'D:\\Application\\Thu_Moi_Tot_Nghiep\\server\\node_modules\\pstree.remy': 'D:\\Application\\Thu_Moi_Tot_Nghiep\\server\\node_modules\\.pstree.remy-FuYTRgUD',
104 silly reify   'D:\\Application\\Thu_Moi_Tot_Nghiep\\server\\node_modules\\raw-body': 'D:\\Application\\Thu_Moi_Tot_Nghiep\\server\\node_modules\\.raw-body-wBLoQ6sz',
104 silly reify   'D:\\Application\\Thu_Moi_Tot_Nghiep\\server\\node_modules\\range-parser': 'D:\\Application\\Thu_Moi_Tot_Nghiep\\server\\node_modules\\.range-parser-3LbcMm89',
104 silly reify   'D:\\Application\\Thu_Moi_Tot_Nghiep\\server\\node_modules\\readable-stream': 'D:\\Application\\Thu_Moi_Tot_Nghiep\\server\\node_modules\\.readable-stream-vSCisLVH',
104 silly reify   'D:\\Application\\Thu_Moi_Tot_Nghiep\\server\\node_modules\\readdirp': 'D:\\Application\\Thu_Moi_Tot_Nghiep\\server\\node_modules\\.readdirp-kI08vPL4',
104 silly reify   'D:\\Application\\Thu_Moi_Tot_Nghiep\\server\\node_modules\\safe-buffer': 'D:\\Application\\Thu_Moi_Tot_Nghiep\\server\\node_modules\\.safe-buffer-7eeoSt4X',
104 silly reify   'D:\\Application\\Thu_Moi_Tot_Nghiep\\server\\node_modules\\safer-buffer': 'D:\\Application\\Thu_Moi_Tot_Nghiep\\server\\node_modules\\.safer-buffer-mxTdwIjO',
104 silly reify   'D:\\Application\\Thu_Moi_Tot_Nghiep\\server\\node_modules\\semver': 'D:\\Application\\Thu_Moi_Tot_Nghiep\\server\\node_modules\\.semver-RV5clyjK',
104 silly reify   'D:\\Application\\Thu_Moi_Tot_Nghiep\\server\\node_modules\\send': 'D:\\Application\\Thu_Moi_Tot_Nghiep\\server\\node_modules\\.send-UMnPsZYF',
104 silly reify   'D:\\Application\\Thu_Moi_Tot_Nghiep\\server\\node_modules\\serve-static': 'D:\\Application\\Thu_Moi_Tot_Nghiep\\server\\node_modules\\.serve-static-GFdWVwXl',
104 silly reify   'D:\\Application\\Thu_Moi_Tot_Nghiep\\server\\node_modules\\setprototypeof': 'D:\\Application\\Thu_Moi_Tot_Nghiep\\server\\node_modules\\.setprototypeof-ioLLtTdf',
104 silly reify   'D:\\Application\\Thu_Moi_Tot_Nghiep\\server\\node_modules\\side-channel': 'D:\\Application\\Thu_Moi_Tot_Nghiep\\server\\node_modules\\.side-channel-aianLdXB',
104 silly reify   'D:\\Application\\Thu_Moi_Tot_Nghiep\\server\\node_modules\\side-channel-list': 'D:\\Application\\Thu_Moi_Tot_Nghiep\\server\\node_modules\\.side-channel-list-Gd5tnlx4',
104 silly reify   'D:\\Application\\Thu_Moi_Tot_Nghiep\\server\\node_modules\\side-channel-map': 'D:\\Application\\Thu_Moi_Tot_Nghiep\\server\\node_modules\\.side-channel-map-I6jxD9dI',
104 silly reify   'D:\\Application\\Thu_Moi_Tot_Nghiep\\server\\node_modules\\side-channel-weakmap': 'D:\\Application\\Thu_Moi_Tot_Nghiep\\server\\node_modules\\.side-channel-weakmap-lR3XDDBZ',
104 silly reify   'D:\\Application\\Thu_Moi_Tot_Nghiep\\server\\node_modules\\simple-update-notifier': 'D:\\Application\\Thu_Moi_Tot_Nghiep\\server\\node_modules\\.simple-update-notifier-jjPPsVTP',
104 silly reify   'D:\\Application\\Thu_Moi_Tot_Nghiep\\server\\node_modules\\statuses': 'D:\\Application\\Thu_Moi_Tot_Nghiep\\server\\node_modules\\.statuses-jVFIA3ky',
104 silly reify   'D:\\Application\\Thu_Moi_Tot_Nghiep\\server\\node_modules\\streamsearch': 'D:\\Application\\Thu_Moi_Tot_Nghiep\\server\\node_modules\\.streamsearch-wNqqS6JT',
104 silly reify   'D:\\Application\\Thu_Moi_Tot_Nghiep\\server\\node_modules\\string_decoder': 'D:\\Application\\Thu_Moi_Tot_Nghiep\\server\\node_modules\\.string_decoder-MwrU9e9O',
104 silly reify   'D:\\Application\\Thu_Moi_Tot_Nghiep\\server\\node_modules\\supports-color': 'D:\\Application\\Thu_Moi_Tot_Nghiep\\server\\node_modules\\.supports-color-xGOkW7Gv',
104 silly reify   'D:\\Application\\Thu_Moi_Tot_Nghiep\\server\\node_modules\\to-regex-range': 'D:\\Application\\Thu_Moi_Tot_Nghiep\\server\\node_modules\\.to-regex-range-1kSmRjCw',
104 silly reify   'D:\\Application\\Thu_Moi_Tot_Nghiep\\server\\node_modules\\toidentifier': 'D:\\Application\\Thu_Moi_Tot_Nghiep\\server\\node_modules\\.toidentifier-4OD2FZzX',
104 silly reify   'D:\\Application\\Thu_Moi_Tot_Nghiep\\server\\node_modules\\touch': 'D:\\Application\\Thu_Moi_Tot_Nghiep\\server\\node_modules\\.touch-P2LtD5mZ',
104 silly reify   'D:\\Application\\Thu_Moi_Tot_Nghiep\\server\\node_modules\\type-is': 'D:\\Application\\Thu_Moi_Tot_Nghiep\\server\\node_modules\\.type-is-p1NY8Pcw',
104 silly reify   'D:\\Application\\Thu_Moi_Tot_Nghiep\\server\\node_modules\\typedarray': 'D:\\Application\\Thu_Moi_Tot_Nghiep\\server\\node_modules\\.typedarray-N7MJx3DZ',
104 silly reify   'D:\\Application\\Thu_Moi_Tot_Nghiep\\server\\node_modules\\unpipe': 'D:\\Application\\Thu_Moi_Tot_Nghiep\\server\\node_modules\\.unpipe-HjBirZ94',
104 silly reify   'D:\\Application\\Thu_Moi_Tot_Nghiep\\server\\node_modules\\undefsafe': 'D:\\Application\\Thu_Moi_Tot_Nghiep\\server\\node_modules\\.undefsafe-gpZdzHBv',
104 silly reify   'D:\\Application\\Thu_Moi_Tot_Nghiep\\server\\node_modules\\util-deprecate': 'D:\\Application\\Thu_Moi_Tot_Nghiep\\server\\node_modules\\.util-deprecate-MK2jchIP',
104 silly reify   'D:\\Application\\Thu_Moi_Tot_Nghiep\\server\\node_modules\\utils-merge': 'D:\\Application\\Thu_Moi_Tot_Nghiep\\server\\node_modules\\.utils-merge-I4pwa058',
104 silly reify   'D:\\Application\\Thu_Moi_Tot_Nghiep\\server\\node_modules\\vary': 'D:\\Application\\Thu_Moi_Tot_Nghiep\\server\\node_modules\\.vary-R8COxwcT'
104 silly reify }
105 http cache vary@https://registry.npmjs.org/vary/-/vary-1.1.2.tgz 1ms (cache hit)
106 http cache util-deprecate@https://registry.npmjs.org/util-deprecate/-/util-deprecate-1.0.2.tgz 0ms (cache hit)
107 http cache utils-merge@https://registry.npmjs.org/utils-merge/-/utils-merge-1.0.1.tgz 0ms (cache hit)
108 http cache undefsafe@https://registry.npmjs.org/undefsafe/-/undefsafe-2.0.5.tgz 0ms (cache hit)
109 http cache unpipe@https://registry.npmjs.org/unpipe/-/unpipe-1.0.0.tgz 0ms (cache hit)
110 http cache touch@https://registry.npmjs.org/touch/-/touch-3.1.1.tgz 0ms (cache hit)
111 http cache typedarray@https://registry.npmjs.org/typedarray/-/typedarray-0.0.6.tgz 0ms (cache hit)
112 http cache type-is@https://registry.npmjs.org/type-is/-/type-is-1.6.18.tgz 0ms (cache hit)
113 http cache toidentifier@https://registry.npmjs.org/toidentifier/-/toidentifier-1.0.1.tgz 1ms (cache hit)
114 http cache to-regex-range@https://registry.npmjs.org/to-regex-range/-/to-regex-range-5.0.1.tgz 0ms (cache hit)
115 http cache string_decoder@https://registry.npmjs.org/string_decoder/-/string_decoder-1.3.0.tgz 0ms (cache hit)
116 http cache supports-color@https://registry.npmjs.org/supports-color/-/supports-color-5.5.0.tgz 0ms (cache hit)
117 http cache statuses@https://registry.npmjs.org/statuses/-/statuses-2.0.2.tgz 0ms (cache hit)
118 http cache streamsearch@https://registry.npmjs.org/streamsearch/-/streamsearch-1.1.0.tgz 0ms (cache hit)
119 http cache side-channel-map@https://registry.npmjs.org/side-channel-map/-/side-channel-map-1.0.1.tgz 0ms (cache hit)
120 http cache simple-update-notifier@https://registry.npmjs.org/simple-update-notifier/-/simple-update-notifier-2.0.0.tgz 0ms (cache hit)
121 http cache side-channel-list@https://registry.npmjs.org/side-channel-list/-/side-channel-list-1.0.1.tgz 0ms (cache hit)
122 http cache side-channel-weakmap@https://registry.npmjs.org/side-channel-weakmap/-/side-channel-weakmap-1.0.2.tgz 0ms (cache hit)
123 http cache setprototypeof@https://registry.npmjs.org/setprototypeof/-/setprototypeof-1.2.0.tgz 0ms (cache hit)
124 http cache side-channel@https://registry.npmjs.org/side-channel/-/side-channel-1.1.1.tgz 0ms (cache hit)
125 http cache serve-static@https://registry.npmjs.org/serve-static/-/serve-static-1.16.3.tgz 0ms (cache hit)
126 http cache semver@https://registry.npmjs.org/semver/-/semver-7.8.4.tgz 0ms (cache hit)
127 http cache send@https://registry.npmjs.org/send/-/send-0.19.2.tgz 0ms (cache hit)
128 http cache safe-buffer@https://registry.npmjs.org/safe-buffer/-/safe-buffer-5.2.1.tgz 0ms (cache hit)
129 http cache readdirp@https://registry.npmjs.org/readdirp/-/readdirp-3.6.0.tgz 0ms (cache hit)
130 http cache safer-buffer@https://registry.npmjs.org/safer-buffer/-/safer-buffer-2.1.2.tgz 0ms (cache hit)
131 http cache readable-stream@https://registry.npmjs.org/readable-stream/-/readable-stream-3.6.2.tgz 0ms (cache hit)
132 http cache pstree.remy@https://registry.npmjs.org/pstree.remy/-/pstree.remy-1.1.8.tgz 0ms (cache hit)
133 http cache range-parser@https://registry.npmjs.org/range-parser/-/range-parser-1.2.1.tgz 0ms (cache hit)
134 http cache proxy-addr@https://registry.npmjs.org/proxy-addr/-/proxy-addr-2.0.7.tgz 0ms (cache hit)
135 http cache path-to-regexp@https://registry.npmjs.org/path-to-regexp/-/path-to-regexp-0.1.13.tgz 0ms (cache hit)
136 http cache picomatch@https://registry.npmjs.org/picomatch/-/picomatch-2.3.2.tgz 0ms (cache hit)
137 http cache raw-body@https://registry.npmjs.org/raw-body/-/raw-body-2.5.3.tgz 0ms (cache hit)
138 http cache on-finished@https://registry.npmjs.org/on-finished/-/on-finished-2.4.1.tgz 0ms (cache hit)
139 http cache parseurl@https://registry.npmjs.org/parseurl/-/parseurl-1.3.3.tgz 0ms (cache hit)
140 http cache object-assign@https://registry.npmjs.org/object-assign/-/object-assign-4.1.1.tgz 0ms (cache hit)
141 http cache normalize-path@https://registry.npmjs.org/normalize-path/-/normalize-path-3.0.0.tgz 0ms (cache hit)
142 http cache object-inspect@https://registry.npmjs.org/object-inspect/-/object-inspect-1.13.4.tgz 0ms (cache hit)
143 http cache negotiator@https://registry.npmjs.org/negotiator/-/negotiator-0.6.3.tgz 0ms (cache hit)
144 http cache ms@https://registry.npmjs.org/ms/-/ms-2.0.0.tgz 0ms (cache hit)
145 http cache nodemon@https://registry.npmjs.org/nodemon/-/nodemon-3.1.14.tgz 0ms (cache hit)
146 http cache multer@https://registry.npmjs.org/multer/-/multer-2.2.0.tgz 0ms (cache hit)
147 http cache mime@https://registry.npmjs.org/mime/-/mime-1.6.0.tgz 0ms (cache hit)
148 http cache minimatch@https://registry.npmjs.org/minimatch/-/minimatch-10.2.5.tgz 0ms (cache hit)
149 http cache methods@https://registry.npmjs.org/methods/-/methods-1.1.2.tgz 0ms (cache hit)
150 http cache media-typer@https://registry.npmjs.org/media-typer/-/media-typer-0.3.0.tgz 0ms (cache hit)
151 http cache merge-descriptors@https://registry.npmjs.org/merge-descriptors/-/merge-descriptors-1.0.3.tgz 0ms (cache hit)
152 http cache is-number@https://registry.npmjs.org/is-number/-/is-number-7.0.0.tgz 0ms (cache hit)
153 http cache is-extglob@https://registry.npmjs.org/is-extglob/-/is-extglob-2.1.1.tgz 0ms (cache hit)
154 http cache is-glob@https://registry.npmjs.org/is-glob/-/is-glob-4.0.3.tgz 0ms (cache hit)
155 http cache inherits@https://registry.npmjs.org/inherits/-/inherits-2.0.4.tgz 0ms (cache hit)
156 http cache is-binary-path@https://registry.npmjs.org/is-binary-path/-/is-binary-path-2.1.0.tgz 0ms (cache hit)
157 http cache ipaddr.js@https://registry.npmjs.org/ipaddr.js/-/ipaddr.js-1.9.1.tgz 0ms (cache hit)
158 http cache ignore-by-default@https://registry.npmjs.org/ignore-by-default/-/ignore-by-default-1.0.1.tgz 0ms (cache hit)
159 http cache iconv-lite@https://registry.npmjs.org/iconv-lite/-/iconv-lite-0.4.24.tgz 0ms (cache hit)
160 http cache http-errors@https://registry.npmjs.org/http-errors/-/http-errors-2.0.1.tgz 0ms (cache hit)
161 http cache has-flag@https://registry.npmjs.org/has-flag/-/has-flag-3.0.0.tgz 0ms (cache hit)
162 http cache glob-parent@https://registry.npmjs.org/glob-parent/-/glob-parent-5.1.2.tgz 0ms (cache hit)
163 http cache fresh@https://registry.npmjs.org/fresh/-/fresh-0.5.2.tgz 0ms (cache hit)
164 http cache express@https://registry.npmjs.org/express/-/express-4.22.2.tgz 0ms (cache hit)
165 http cache forwarded@https://registry.npmjs.org/forwarded/-/forwarded-0.2.0.tgz 0ms (cache hit)
166 http cache finalhandler@https://registry.npmjs.org/finalhandler/-/finalhandler-1.3.2.tgz 0ms (cache hit)
167 http cache fill-range@https://registry.npmjs.org/fill-range/-/fill-range-7.1.1.tgz 0ms (cache hit)
168 http cache etag@https://registry.npmjs.org/etag/-/etag-1.8.1.tgz 0ms (cache hit)
169 http cache escape-html@https://registry.npmjs.org/escape-html/-/escape-html-1.0.3.tgz 0ms (cache hit)
170 http cache depd@https://registry.npmjs.org/depd/-/depd-2.0.0.tgz 0ms (cache hit)
171 http cache ee-first@https://registry.npmjs.org/ee-first/-/ee-first-1.1.1.tgz 0ms (cache hit)
172 http cache encodeurl@https://registry.npmjs.org/encodeurl/-/encodeurl-2.0.0.tgz 0ms (cache hit)
173 http cache cors@https://registry.npmjs.org/cors/-/cors-2.8.6.tgz 0ms (cache hit)
174 http cache destroy@https://registry.npmjs.org/destroy/-/destroy-1.2.0.tgz 0ms (cache hit)
175 http cache debug@https://registry.npmjs.org/debug/-/debug-2.6.9.tgz 0ms (cache hit)
176 http cache cookie-signature@https://registry.npmjs.org/cookie-signature/-/cookie-signature-1.0.7.tgz 0ms (cache hit)
177 http cache cookie@https://registry.npmjs.org/cookie/-/cookie-0.7.2.tgz 0ms (cache hit)
178 http cache content-type@https://registry.npmjs.org/content-type/-/content-type-1.0.5.tgz 0ms (cache hit)
179 http cache call-bound@https://registry.npmjs.org/call-bound/-/call-bound-1.0.4.tgz 0ms (cache hit)
180 http cache content-disposition@https://registry.npmjs.org/content-disposition/-/content-disposition-0.5.4.tgz 0ms (cache hit)
181 http cache concat-stream@https://registry.npmjs.org/concat-stream/-/concat-stream-2.0.0.tgz 0ms (cache hit)
182 http cache chokidar@https://registry.npmjs.org/chokidar/-/chokidar-3.6.0.tgz 0ms (cache hit)
183 http cache bytes@https://registry.npmjs.org/bytes/-/bytes-3.1.2.tgz 0ms (cache hit)
184 http cache busboy@https://registry.npmjs.org/busboy/-/busboy-1.6.0.tgz 0ms (cache hit)
185 http cache buffer-from@https://registry.npmjs.org/buffer-from/-/buffer-from-1.1.2.tgz 0ms (cache hit)
186 http cache braces@https://registry.npmjs.org/braces/-/braces-3.0.3.tgz 0ms (cache hit)
187 http cache binary-extensions@https://registry.npmjs.org/binary-extensions/-/binary-extensions-2.3.0.tgz 0ms (cache hit)
188 http cache body-parser@https://registry.npmjs.org/body-parser/-/body-parser-1.20.5.tgz 0ms (cache hit)
189 http cache brace-expansion@https://registry.npmjs.org/brace-expansion/-/brace-expansion-5.0.6.tgz 0ms (cache hit)
190 http cache balanced-match@https://registry.npmjs.org/balanced-match/-/balanced-match-4.0.4.tgz 0ms (cache hit)
191 http cache array-flatten@https://registry.npmjs.org/array-flatten/-/array-flatten-1.1.1.tgz 0ms (cache hit)
192 http cache anymatch@https://registry.npmjs.org/anymatch/-/anymatch-3.1.3.tgz 0ms (cache hit)
193 silly tarball no local data for vary@https://registry.npmjs.org/vary/-/vary-1.1.2.tgz. Extracting by manifest.
194 silly tarball no local data for util-deprecate@https://registry.npmjs.org/util-deprecate/-/util-deprecate-1.0.2.tgz. Extracting by manifest.
195 silly tarball no local data for utils-merge@https://registry.npmjs.org/utils-merge/-/utils-merge-1.0.1.tgz. Extracting by manifest.
196 http cache append-field@https://registry.npmjs.org/append-field/-/append-field-1.0.0.tgz 0ms (cache hit)
197 http cache accepts@https://registry.npmjs.org/accepts/-/accepts-1.3.8.tgz 0ms (cache hit)
198 silly tarball no local data for undefsafe@https://registry.npmjs.org/undefsafe/-/undefsafe-2.0.5.tgz. Extracting by manifest.
199 silly tarball no local data for unpipe@https://registry.npmjs.org/unpipe/-/unpipe-1.0.0.tgz. Extracting by manifest.
200 silly tarball no local data for touch@https://registry.npmjs.org/touch/-/touch-3.1.1.tgz. Extracting by manifest.
201 silly tarball no local data for typedarray@https://registry.npmjs.org/typedarray/-/typedarray-0.0.6.tgz. Extracting by manifest.
202 silly tarball no local data for type-is@https://registry.npmjs.org/type-is/-/type-is-1.6.18.tgz. Extracting by manifest.
203 silly tarball no local data for toidentifier@https://registry.npmjs.org/toidentifier/-/toidentifier-1.0.1.tgz. Extracting by manifest.
204 silly tarball no local data for to-regex-range@https://registry.npmjs.org/to-regex-range/-/to-regex-range-5.0.1.tgz. Extracting by manifest.
205 silly tarball no local data for string_decoder@https://registry.npmjs.org/string_decoder/-/string_decoder-1.3.0.tgz. Extracting by manifest.
206 silly tarball no local data for supports-color@https://registry.npmjs.org/supports-color/-/supports-color-5.5.0.tgz. Extracting by manifest.
207 silly tarball no local data for statuses@https://registry.npmjs.org/statuses/-/statuses-2.0.2.tgz. Extracting by manifest.
208 silly tarball no local data for streamsearch@https://registry.npmjs.org/streamsearch/-/streamsearch-1.1.0.tgz. Extracting by manifest.
209 silly tarball no local data for side-channel-map@https://registry.npmjs.org/side-channel-map/-/side-channel-map-1.0.1.tgz. Extracting by manifest.
210 silly tarball no local data for simple-update-notifier@https://registry.npmjs.org/simple-update-notifier/-/simple-update-notifier-2.0.0.tgz. Extracting by manifest.
211 silly tarball no local data for side-channel-list@https://registry.npmjs.org/side-channel-list/-/side-channel-list-1.0.1.tgz. Extracting by manifest.
212 silly tarball no local data for side-channel-weakmap@https://registry.npmjs.org/side-channel-weakmap/-/side-channel-weakmap-1.0.2.tgz. Extracting by manifest.
213 silly tarball no local data for setprototypeof@https://registry.npmjs.org/setprototypeof/-/setprototypeof-1.2.0.tgz. Extracting by manifest.
214 silly tarball no local data for side-channel@https://registry.npmjs.org/side-channel/-/side-channel-1.1.1.tgz. Extracting by manifest.
215 silly tarball no local data for serve-static@https://registry.npmjs.org/serve-static/-/serve-static-1.16.3.tgz. Extracting by manifest.
216 silly tarball no local data for semver@https://registry.npmjs.org/semver/-/semver-7.8.4.tgz. Extracting by manifest.
217 silly tarball no local data for send@https://registry.npmjs.org/send/-/send-0.19.2.tgz. Extracting by manifest.
218 silly tarball no local data for safe-buffer@https://registry.npmjs.org/safe-buffer/-/safe-buffer-5.2.1.tgz. Extracting by manifest.
219 silly tarball no local data for readdirp@https://registry.npmjs.org/readdirp/-/readdirp-3.6.0.tgz. Extracting by manifest.
220 silly tarball no local data for safer-buffer@https://registry.npmjs.org/safer-buffer/-/safer-buffer-2.1.2.tgz. Extracting by manifest.
221 silly tarball no local data for readable-stream@https://registry.npmjs.org/readable-stream/-/readable-stream-3.6.2.tgz. Extracting by manifest.
222 silly tarball no local data for pstree.remy@https://registry.npmjs.org/pstree.remy/-/pstree.remy-1.1.8.tgz. Extracting by manifest.
223 silly tarball no local data for range-parser@https://registry.npmjs.org/range-parser/-/range-parser-1.2.1.tgz. Extracting by manifest.
224 silly tarball no local data for proxy-addr@https://registry.npmjs.org/proxy-addr/-/proxy-addr-2.0.7.tgz. Extracting by manifest.
225 silly tarball no local data for path-to-regexp@https://registry.npmjs.org/path-to-regexp/-/path-to-regexp-0.1.13.tgz. Extracting by manifest.
226 silly tarball no local data for picomatch@https://registry.npmjs.org/picomatch/-/picomatch-2.3.2.tgz. Extracting by manifest.
227 silly tarball no local data for raw-body@https://registry.npmjs.org/raw-body/-/raw-body-2.5.3.tgz. Extracting by manifest.
228 silly tarball no local data for on-finished@https://registry.npmjs.org/on-finished/-/on-finished-2.4.1.tgz. Extracting by manifest.
229 silly tarball no local data for parseurl@https://registry.npmjs.org/parseurl/-/parseurl-1.3.3.tgz. Extracting by manifest.
230 silly tarball no local data for object-assign@https://registry.npmjs.org/object-assign/-/object-assign-4.1.1.tgz. Extracting by manifest.
231 silly tarball no local data for normalize-path@https://registry.npmjs.org/normalize-path/-/normalize-path-3.0.0.tgz. Extracting by manifest.
232 silly tarball no local data for object-inspect@https://registry.npmjs.org/object-inspect/-/object-inspect-1.13.4.tgz. Extracting by manifest.
233 silly tarball no local data for negotiator@https://registry.npmjs.org/negotiator/-/negotiator-0.6.3.tgz. Extracting by manifest.
234 silly tarball no local data for ms@https://registry.npmjs.org/ms/-/ms-2.0.0.tgz. Extracting by manifest.
235 silly tarball no local data for nodemon@https://registry.npmjs.org/nodemon/-/nodemon-3.1.14.tgz. Extracting by manifest.
236 silly tarball no local data for multer@https://registry.npmjs.org/multer/-/multer-2.2.0.tgz. Extracting by manifest.
237 silly tarball no local data for mime@https://registry.npmjs.org/mime/-/mime-1.6.0.tgz. Extracting by manifest.
238 silly tarball no local data for minimatch@https://registry.npmjs.org/minimatch/-/minimatch-10.2.5.tgz. Extracting by manifest.
239 silly tarball no local data for methods@https://registry.npmjs.org/methods/-/methods-1.1.2.tgz. Extracting by manifest.
240 silly tarball no local data for media-typer@https://registry.npmjs.org/media-typer/-/media-typer-0.3.0.tgz. Extracting by manifest.
241 silly tarball no local data for merge-descriptors@https://registry.npmjs.org/merge-descriptors/-/merge-descriptors-1.0.3.tgz. Extracting by manifest.
242 silly tarball no local data for is-number@https://registry.npmjs.org/is-number/-/is-number-7.0.0.tgz. Extracting by manifest.
243 silly tarball no local data for is-extglob@https://registry.npmjs.org/is-extglob/-/is-extglob-2.1.1.tgz. Extracting by manifest.
244 silly tarball no local data for is-glob@https://registry.npmjs.org/is-glob/-/is-glob-4.0.3.tgz. Extracting by manifest.
245 silly tarball no local data for inherits@https://registry.npmjs.org/inherits/-/inherits-2.0.4.tgz. Extracting by manifest.
246 silly tarball no local data for is-binary-path@https://registry.npmjs.org/is-binary-path/-/is-binary-path-2.1.0.tgz. Extracting by manifest.
247 silly tarball no local data for ipaddr.js@https://registry.npmjs.org/ipaddr.js/-/ipaddr.js-1.9.1.tgz. Extracting by manifest.
248 silly tarball no local data for ignore-by-default@https://registry.npmjs.org/ignore-by-default/-/ignore-by-default-1.0.1.tgz. Extracting by manifest.
249 silly tarball no local data for iconv-lite@https://registry.npmjs.org/iconv-lite/-/iconv-lite-0.4.24.tgz. Extracting by manifest.
250 silly tarball no local data for http-errors@https://registry.npmjs.org/http-errors/-/http-errors-2.0.1.tgz. Extracting by manifest.
251 silly tarball no local data for has-flag@https://registry.npmjs.org/has-flag/-/has-flag-3.0.0.tgz. Extracting by manifest.
252 silly tarball no local data for glob-parent@https://registry.npmjs.org/glob-parent/-/glob-parent-5.1.2.tgz. Extracting by manifest.
253 silly tarball no local data for fresh@https://registry.npmjs.org/fresh/-/fresh-0.5.2.tgz. Extracting by manifest.
254 silly tarball no local data for express@https://registry.npmjs.org/express/-/express-4.22.2.tgz. Extracting by manifest.
255 silly tarball no local data for forwarded@https://registry.npmjs.org/forwarded/-/forwarded-0.2.0.tgz. Extracting by manifest.
256 silly tarball no local data for finalhandler@https://registry.npmjs.org/finalhandler/-/finalhandler-1.3.2.tgz. Extracting by manifest.
257 silly tarball no local data for fill-range@https://registry.npmjs.org/fill-range/-/fill-range-7.1.1.tgz. Extracting by manifest.
258 silly tarball no local data for etag@https://registry.npmjs.org/etag/-/etag-1.8.1.tgz. Extracting by manifest.
259 silly tarball no local data for escape-html@https://registry.npmjs.org/escape-html/-/escape-html-1.0.3.tgz. Extracting by manifest.
260 silly tarball no local data for depd@https://registry.npmjs.org/depd/-/depd-2.0.0.tgz. Extracting by manifest.
261 silly tarball no local data for ee-first@https://registry.npmjs.org/ee-first/-/ee-first-1.1.1.tgz. Extracting by manifest.
262 silly tarball no local data for encodeurl@https://registry.npmjs.org/encodeurl/-/encodeurl-2.0.0.tgz. Extracting by manifest.
263 silly tarball no local data for cors@https://registry.npmjs.org/cors/-/cors-2.8.6.tgz. Extracting by manifest.
264 silly tarball no local data for destroy@https://registry.npmjs.org/destroy/-/destroy-1.2.0.tgz. Extracting by manifest.
265 silly tarball no local data for debug@https://registry.npmjs.org/debug/-/debug-2.6.9.tgz. Extracting by manifest.
266 silly tarball no local data for cookie-signature@https://registry.npmjs.org/cookie-signature/-/cookie-signature-1.0.7.tgz. Extracting by manifest.
267 silly tarball no local data for cookie@https://registry.npmjs.org/cookie/-/cookie-0.7.2.tgz. Extracting by manifest.
268 silly tarball no local data for content-type@https://registry.npmjs.org/content-type/-/content-type-1.0.5.tgz. Extracting by manifest.
269 silly tarball no local data for call-bound@https://registry.npmjs.org/call-bound/-/call-bound-1.0.4.tgz. Extracting by manifest.
270 silly tarball no local data for content-disposition@https://registry.npmjs.org/content-disposition/-/content-disposition-0.5.4.tgz. Extracting by manifest.
271 silly tarball no local data for concat-stream@https://registry.npmjs.org/concat-stream/-/concat-stream-2.0.0.tgz. Extracting by manifest.
272 silly tarball no local data for chokidar@https://registry.npmjs.org/chokidar/-/chokidar-3.6.0.tgz. Extracting by manifest.
273 silly tarball no local data for bytes@https://registry.npmjs.org/bytes/-/bytes-3.1.2.tgz. Extracting by manifest.
274 silly tarball no local data for busboy@https://registry.npmjs.org/busboy/-/busboy-1.6.0.tgz. Extracting by manifest.
275 silly tarball no local data for buffer-from@https://registry.npmjs.org/buffer-from/-/buffer-from-1.1.2.tgz. Extracting by manifest.
276 silly tarball no local data for braces@https://registry.npmjs.org/braces/-/braces-3.0.3.tgz. Extracting by manifest.
277 silly tarball no local data for binary-extensions@https://registry.npmjs.org/binary-extensions/-/binary-extensions-2.3.0.tgz. Extracting by manifest.
278 silly tarball no local data for body-parser@https://registry.npmjs.org/body-parser/-/body-parser-1.20.5.tgz. Extracting by manifest.
279 silly tarball no local data for brace-expansion@https://registry.npmjs.org/brace-expansion/-/brace-expansion-5.0.6.tgz. Extracting by manifest.
280 silly tarball no local data for balanced-match@https://registry.npmjs.org/balanced-match/-/balanced-match-4.0.4.tgz. Extracting by manifest.
281 silly tarball no local data for array-flatten@https://registry.npmjs.org/array-flatten/-/array-flatten-1.1.1.tgz. Extracting by manifest.
282 silly tarball no local data for anymatch@https://registry.npmjs.org/anymatch/-/anymatch-3.1.3.tgz. Extracting by manifest.
283 silly tarball no local data for append-field@https://registry.npmjs.org/append-field/-/append-field-1.0.0.tgz. Extracting by manifest.
284 silly tarball no local data for accepts@https://registry.npmjs.org/accepts/-/accepts-1.3.8.tgz. Extracting by manifest.
285 http fetch GET https://registry.npmjs.org/util-deprecate/-/util-deprecate-1.0.2.tgz attempt 1 failed with EACCES
286 http fetch GET https://registry.npmjs.org/vary/-/vary-1.1.2.tgz attempt 1 failed with EACCES
287 http fetch GET https://registry.npmjs.org/undefsafe/-/undefsafe-2.0.5.tgz attempt 1 failed with EACCES
288 http fetch GET https://registry.npmjs.org/utils-merge/-/utils-merge-1.0.1.tgz attempt 1 failed with EACCES
289 http fetch GET https://registry.npmjs.org/touch/-/touch-3.1.1.tgz attempt 1 failed with EACCES
290 http fetch GET https://registry.npmjs.org/unpipe/-/unpipe-1.0.0.tgz attempt 1 failed with EACCES
291 http fetch GET https://registry.npmjs.org/typedarray/-/typedarray-0.0.6.tgz attempt 1 failed with EACCES
292 http fetch GET https://registry.npmjs.org/type-is/-/type-is-1.6.18.tgz attempt 1 failed with EACCES
293 http fetch GET https://registry.npmjs.org/to-regex-range/-/to-regex-range-5.0.1.tgz attempt 1 failed with EACCES
294 http fetch GET https://registry.npmjs.org/toidentifier/-/toidentifier-1.0.1.tgz attempt 1 failed with EACCES
295 http fetch GET https://registry.npmjs.org/string_decoder/-/string_decoder-1.3.0.tgz attempt 1 failed with EACCES
296 http fetch GET https://registry.npmjs.org/supports-color/-/supports-color-5.5.0.tgz attempt 1 failed with EACCES
297 http fetch GET https://registry.npmjs.org/statuses/-/statuses-2.0.2.tgz attempt 1 failed with EACCES
298 http fetch GET https://registry.npmjs.org/streamsearch/-/streamsearch-1.1.0.tgz attempt 1 failed with EACCES
299 http fetch GET https://registry.npmjs.org/side-channel-map/-/side-channel-map-1.0.1.tgz attempt 1 failed with EACCES
300 http fetch GET https://registry.npmjs.org/util-deprecate/-/util-deprecate-1.0.2.tgz attempt 2 failed with EACCES
301 http fetch GET https://registry.npmjs.org/vary/-/vary-1.1.2.tgz attempt 2 failed with EACCES
302 http fetch GET https://registry.npmjs.org/undefsafe/-/undefsafe-2.0.5.tgz attempt 2 failed with EACCES
303 http fetch GET https://registry.npmjs.org/utils-merge/-/utils-merge-1.0.1.tgz attempt 2 failed with EACCES
304 http fetch GET https://registry.npmjs.org/touch/-/touch-3.1.1.tgz attempt 2 failed with EACCES
305 http fetch GET https://registry.npmjs.org/unpipe/-/unpipe-1.0.0.tgz attempt 2 failed with EACCES
306 http fetch GET https://registry.npmjs.org/typedarray/-/typedarray-0.0.6.tgz attempt 2 failed with EACCES
307 http fetch GET https://registry.npmjs.org/type-is/-/type-is-1.6.18.tgz attempt 2 failed with EACCES
308 http fetch GET https://registry.npmjs.org/to-regex-range/-/to-regex-range-5.0.1.tgz attempt 2 failed with EACCES
309 http fetch GET https://registry.npmjs.org/toidentifier/-/toidentifier-1.0.1.tgz attempt 2 failed with EACCES
310 http fetch GET https://registry.npmjs.org/string_decoder/-/string_decoder-1.3.0.tgz attempt 2 failed with EACCES
311 http fetch GET https://registry.npmjs.org/supports-color/-/supports-color-5.5.0.tgz attempt 2 failed with EACCES
312 http fetch GET https://registry.npmjs.org/statuses/-/statuses-2.0.2.tgz attempt 2 failed with EACCES
313 http fetch GET https://registry.npmjs.org/streamsearch/-/streamsearch-1.1.0.tgz attempt 2 failed with EACCES
314 http fetch GET https://registry.npmjs.org/side-channel-map/-/side-channel-map-1.0.1.tgz attempt 2 failed with EACCES
315 http fetch GET https://registry.npmjs.org/util-deprecate/-/util-deprecate-1.0.2.tgz attempt 3 failed with EACCES
316 http fetch GET https://registry.npmjs.org/vary/-/vary-1.1.2.tgz attempt 3 failed with EACCES
317 http fetch GET https://registry.npmjs.org/undefsafe/-/undefsafe-2.0.5.tgz attempt 3 failed with EACCES
318 http fetch GET https://registry.npmjs.org/utils-merge/-/utils-merge-1.0.1.tgz attempt 3 failed with EACCES
319 http fetch GET https://registry.npmjs.org/touch/-/touch-3.1.1.tgz attempt 3 failed with EACCES
320 http fetch GET https://registry.npmjs.org/unpipe/-/unpipe-1.0.0.tgz attempt 3 failed with EACCES
321 http fetch GET https://registry.npmjs.org/typedarray/-/typedarray-0.0.6.tgz attempt 3 failed with EACCES
322 http fetch GET https://registry.npmjs.org/type-is/-/type-is-1.6.18.tgz attempt 3 failed with EACCES
323 http fetch GET https://registry.npmjs.org/to-regex-range/-/to-regex-range-5.0.1.tgz attempt 3 failed with EACCES
324 http fetch GET https://registry.npmjs.org/toidentifier/-/toidentifier-1.0.1.tgz attempt 3 failed with EACCES
325 http fetch GET https://registry.npmjs.org/string_decoder/-/string_decoder-1.3.0.tgz attempt 3 failed with EACCES
326 http fetch GET https://registry.npmjs.org/supports-color/-/supports-color-5.5.0.tgz attempt 3 failed with EACCES
327 http fetch GET https://registry.npmjs.org/statuses/-/statuses-2.0.2.tgz attempt 3 failed with EACCES
328 http fetch GET https://registry.npmjs.org/streamsearch/-/streamsearch-1.1.0.tgz attempt 3 failed with EACCES
329 http fetch GET https://registry.npmjs.org/side-channel-map/-/side-channel-map-1.0.1.tgz attempt 3 failed with EACCES
330 verbose cwd D:\Application\Thu_Moi_Tot_Nghiep
331 verbose os Windows_NT 10.0.26200
332 verbose node v24.14.0
333 verbose npm  v11.9.0
334 error Exit handler never called!
335 error This is an error with npm itself. Please report this error at:
336 error   <https://github.com/npm/cli/issues>
337 verbose exit 1
338 verbose code 1
339 error A complete log of this run can be found in: D:\Application\Thu_Moi_Tot_Nghiep\.npm-cache\_logs\2026-06-18T16_14_15_256Z-debug-0.log
